-8.10857 -8.107
-7.94886 -7.95088
-7.91674 -7.91915
-8.07654 -8.07639
-7.96609 -7.96562
-7.94442 -7.9458
-8.09413 -8.09557
-7.95356 -7.95566
-7.98932 -7.99029
-7.98489 -7.9871
-8.12074 -8.12232
-7.95918 -7.95997
-8.00041 -8.00152
-8.00641 -8.00828
-8.00965 -8.01114
-7.98886 -7.98916
-7.97401 -7.97588
-7.96066 -7.96199
-7.96288 -7.96359
-7.98979 -7.99112
-7.94762 -7.94948
-8.00346 -8.00405
-7.99361 -7.99493
-8.10154 -8.10332
-8.01305 -8.01435
-7.9516 -7.95323
-7.93561 -7.93777
-7.97581 -7.97727
-7.95351 -7.95378
-7.95964 -7.96151
-8.09606 -8.09734
-8.00961 -8.0103
-7.94624 -7.9466
-7.95231 -7.95335
-8.10204 -8.10399
-7.89261 -7.89477
-8.1111 -8.11286
-7.92641 -7.92858
-8.06849 -8.07038
-7.96985 -7.97272
-7.94457 -7.94605
-8.12027 -8.1218
-7.86392 -7.86827
-8.05937 -8.06067
-7.93661 -7.93794
-8.09214 -8.09371
-7.97795 -7.97937
-7.95866 -7.95943
-7.86795 -7.87048
-7.97578 -7.97726
-8.00925 -8.01086
-7.92515 -7.9281
-7.89601 -7.89776
-8.0563 -8.05807
-7.92437 -7.92654
-7.8796 -7.88246
-7.93227 -7.93426
-7.87164 -7.87254
-7.86414 -7.86576
-8.01063 -8.01176
-7.95525 -7.95711
-7.83626 -7.84084
-8.0991 -8.10087
-7.9986 -8.00082
-7.98526 -7.98695
-7.90336 -7.90418
-7.87402 -7.87576
-8.08436 -8.08581
-7.96057 -7.96219
-7.90929 -7.91001
-7.94875 -7.95071
-8.09736 -8.09886
-7.99905 -8.00074
-7.85326 -7.85551
-8.01313 -8.01505
-8.0285 -8.02992
-8.08751 -8.08932
-8.08584 -8.08717
-7.82614 -7.83017
-8.08981 -8.09149
-7.8529 -7.85613
-8.04819 -8.04966
-8.06138 -8.06313
-7.88406 -7.88521
-8.08946 -8.08623
-7.92143 -7.91906
-8.12558 -8.12276
-7.95378 -7.95142
-8.04948 -8.04627
-7.9569 -7.95538
-8.00938 -8.00696
-8.13135 -8.12867
-7.89275 -7.89118
-8.05892 -8.05606
-7.93925 -7.93893
-8.09336 -8.08975
-7.99322 -7.9922
-8.00226 -8.00009
-7.89374 -7.89212
-8.00374 -8.00265
-7.99024 -7.98912
-7.97121 -7.97006
-7.97113 -7.96927
-8.02995 -8.02762
-7.92803 -7.92754
-7.94423 -7.94265
-7.9732 -7.97211
-7.94384 -7.94285
-7.91205 -7.91059
-7.98553 -7.9843
-7.97785 -7.97625
-7.8849 -7.88284
-8.12724 -8.12455
-8.02244 -8.02071
-8.00861 -8.00741
-7.92532 -7.92381
-7.90208 -7.90066
-8.06532 -8.06312
-7.95532 -7.95502
-7.8885 -7.88817
-7.91915 -7.918
-8.11615 -8.11321
-7.9823 -7.98047
-7.94189 -7.93965
-8.03882 -8.03669
-8.02465 -8.02281
-8.05868 -8.05611
-8.08756 -8.08477
-7.89854 -7.89707
-8.07918 -8.07674
-7.88768 -7.88502
-8.03711 -8.03472
-8.0363 -8.03377
-7.93069 -7.92869
-8.08236 -8.07968
-7.88421 -7.88256
-8.11582 -8.11295
-7.953 -7.95007
-8.03811 -8.03581
-7.94757 -7.945
-8.00947 -8.00746
-8.12387 -8.12121
-7.85373 -7.85339
-8.04516 -8.04321
-7.92296 -7.92192
-8.08108 -8.07878
-7.9907 -7.98759
-8.00315 -7.9999
-7.86811 -7.86656
-8.02053 -8.01796
-7.98491 -7.98299
-7.93551 -7.93342
-7.93734 -7.93535
-8.04531 -8.04342
-7.93513 -7.93315
-7.9146 -7.91214
-7.95784 -7.95519
-7.88253 -7.88102
-7.85866 -7.85889
-7.99017 -7.98737
-7.98441 -7.98169
-7.83703 -7.83519
-8.10904 -8.10638
-8.03659 -8.03353
-8.00094 -7.9982
-7.88981 -7.88836
-7.87426 -7.87252
-8.07893 -8.07646
-7.93655 -7.93455
-7.89213 -7.89051
-7.88869 -7.8882
-8.105 -8.10222
-7.99344 -7.99081
-7.8806 -7.879
-8.03475 -8.03167
-8.04016 -8.03765
-8.05217 -8.04991
-8.08044 -8.07702
-7.8357 -7.83264
-8.05921 -8.0564
-7.85176 -7.84932
-8.03402 -8.03129
-8.04235 -8.03998
-7.90023 -7.89966
-8.09838 -8.09695
-7.80833 -7.80905
-7.94142 -7.94204
-7.9078 -7.90763
-8.13499 -8.1348
-7.90231 -7.90202
-7.95346 -7.95411
-7.98467 -7.98468
-7.95048 -7.95103
-7.91173 -7.91122
-7.90003 -7.89986
-7.87006 -7.87019
-7.89514 -7.89552
-7.93775 -7.93731
-7.97305 -7.97259
-7.93716 -7.93709
-8.11777 -8.1173
-7.98606 -7.98561
-7.834 -7.83351
-7.82885 -7.82903
-7.90803 -7.90693
-7.85551 -7.85361
-7.87664 -7.87643
-8.10454 -8.10295
-7.97774 -7.97811
-7.81466 -7.81559
-7.85593 -7.85477
-8.12788 -8.12761
-7.9677 -7.96656
-7.9729 -7.9718
-7.97 -7.96908
-8.12788 -8.12761
-7.9729 -7.9718
-7.97 -7.96908
-7.97064 -7.96954
-7.9677 -7.96656
-7.97064 -7.96954
-8.09081 -8.09049
-7.78616 -7.78704
-8.12234 -8.12322
-7.92188 -7.923
-8.04969 -8.05023
-7.90583 -7.90769
-7.98698 -7.98764
-8.13644 -8.13647
-7.78259 -7.78443
-8.06143 -8.06191
-7.86798 -7.86938
-8.0987 -8.09873
-7.96371 -7.9643
-7.98514 -7.98596
-7.78395 -7.78484
-7.98308 -7.98353
-7.96791 -7.96918
-7.90945 -7.91041
-7.87279 -7.87401
-8.03079 -8.0311
-7.87579 -7.87539
-7.84695 -7.84783
-7.91236 -7.91436
-7.80101 -7.8029
-7.77825 -7.78077
-7.95722 -7.95797
-7.94414 -7.94417
-7.74089 -7.74332
-8.11397 -8.11503
-7.99508 -7.9959
-7.96045 -7.96191
-7.80796 -7.80893
-7.8112 -7.81281
-8.06495 -8.06622
-7.88639 -7.88741
-7.83417 -7.83498
-7.8435 -7.84364
-8.10694 -8.10657
-7.95525 -7.95584
-7.79891 -7.80223
-7.99632 -7.99685
-8.01025 -8.01023
-8.05648 -8.05784
-8.09014 -8.09124
-7.76288 -7.76446
-8.05381 -8.05516
-7.75091 -7.75279
-8.00896 -8.00947
-8.04594 -8.04644
-7.82581 -7.82735
-7.97028 -7.96929
-8.12939 -8.12934
-7.97936 -7.97809
-8.0133 -8.01208
-7.99554 -7.99459
-7.97373 -7.97205
-7.99301 -7.99202
-7.98772 -7.98609
-8.11631 -8.11617
-8.00681 -8.00553
-8.0024 -8.00132
-8.03307 -8.03457
-8.07378 -8.07536
-8.05132 -8.0529
-7.96778 -7.96954
-7.76461 -7.7652
-8.012 -8.01356
-7.79987 -7.80221
-7.599 -7.60007
-7.70779 -7.70912
-7.87824 -7.87943
-7.75588 -7.75802
-7.87545 -7.87651
-7.94077 -7.94194
-7.89646 -7.89735
-8.07399 -8.07557
-7.71662 -7.71784
-7.75502 -7.75724
-7.80297 -7.8053
-7.82573 -7.82659
-7.84332 -7.84029
-7.95992 -7.96098
-7.8465 -7.84734
-7.66812 -7.66857
-7.79183 -7.79265
-8.04873 -8.05031
-7.81324 -7.81449
-7.86898 -7.86948
-8.04516 -8.0469
-7.95307 -7.95474
-7.72143 -7.72187
-7.92103 -7.92271
-7.73236 -7.73252
-8.08384 -8.08542
-7.87819 -7.87952
-7.86843 -7.8698
-7.94204 -7.94325
-7.76338 -7.76379
-7.97618 -7.97715
-7.85555 -7.85699
-7.79956 -7.80086
-7.95902 -7.9601
-7.66719 -7.67051
-7.89676 -7.89804
-7.98141 -7.98301
-7.61942 -7.61858
-7.69306 -7.69489
-7.72081 -7.72157
-7.94701 -7.94891
-7.90635 -7.9076
-7.42054 -7.42379
-7.91055 -7.91205
-7.99206 -7.99393
-8.05516 -8.05674
-8.05058 -8.05203
-8.06725 -8.06561
-7.75147 -7.75093
-8.04907 -8.04962
-8.06911 -8.06969
-7.9531 -7.95421
-7.83262 -7.83322
-8.04692 -8.04752
-7.87033 -7.86972
-7.7605 -7.7604
-7.89152 -7.8919
-7.97889 -7.97947
-7.89149 -7.89234
-8.09133 -8.09187
-7.78084 -7.78023
-7.73732 -7.7378
-8.08992 -8.09045
-7.82896 -7.82856
-7.83642 -7.8361
-7.95501 -7.95554
-7.86909 -7.86863
-7.80524 -7.80678
-8.06241 -8.06323
-7.812 -7.81283
-7.83713 -7.83816
-8.05173 -8.05212
-7.95717 -7.9582
-7.79388 -7.79372
-7.92943 -7.9298
-7.92165 -7.92291
-8.10285 -8.10333
-7.79027 -7.7903
-7.78063 -7.7799
-7.96387 -7.96519
-7.86049 -7.86132
-7.83149 -7.83146
-7.90971 -7.91054
-8.01961 -8.02072
-7.77042 -7.77213
-7.99796 -7.99855
-7.92272 -7.92341
-7.94395 -7.94518
-8.0309 -8.03181
-8.08143 -8.08206
-8.07301 -8.07358
-7.82277 -7.8236
-8.05427 -8.05292
-8.0395 -8.03769
-8.00985 -8.00702
-7.91658 -7.91543
-8.06337 -8.06196
-7.78304 -7.78495
-7.95005 -7.94942
-7.88189 -7.88028
-7.97077 -7.97036
-8.07713 -8.07466
-7.96458 -7.96268
-8.0964 -8.09305
-7.81923 -7.81906
-7.87882 -7.87845
-8.06567 -8.06466
-7.93479 -7.93429
-7.88412 -7.8842
-8.02503 -8.02385
-7.93114 -7.93027
-7.80966 -7.80756
-7.87518 -7.87626
-8.06929 -8.06805
-7.92264 -7.92212
-7.93371 -7.93352
-8.0674 -8.0657
-8.0316 -8.0311
-7.90495 -7.90272
-7.98401 -7.98164
-7.81636 -7.8149
-8.00798 -8.00753
-8.1084 -8.10407
-7.91527 -7.91453
-8.01242 -8.0117
-7.84221 -7.84401
-8.03761 -8.03647
-7.98898 -7.98621
-7.92278 -7.9218
-8.00776 -8.00696
-7.79834 -7.79678
-7.95963 -7.95788
-8.05588 -8.05367
-7.79201 -7.7908
-7.84967 -7.84857
-8.04241 -8.04121
-7.99316 -7.99163
-8.02204 -8.01986
-8.02405 -8.02129
-8.07072 -8.06922
-8.06345 -8.06192
-7.87549 -7.87211
-8.043 -8.04314
-8.05714 -8.05725
-7.97466 -7.97565
-7.83647 -7.83702
-8.0259 -8.02635
-7.87371 -7.87367
-7.90708 -7.90628
-7.95089 -7.95135
-7.90355 -7.90164
-8.08678 -8.08687
-7.78162 -7.78343
-8.07892 -8.07902
-7.81394 -7.81581
-7.82278 -7.82372
-7.93504 -7.93676
-7.87807 -7.87803
-7.80662 -7.80902
-8.06659 -8.06665
-7.80892 -7.81026
-7.86204 -7.86168
-8.0552 -8.05537
-7.94284 -7.94283
-7.78356 -7.78357
-7.91735 -7.91679
-7.91039 -7.91106
-8.09961 -8.09961
-7.82961 -7.83058
-7.95068 -7.95027
-7.86088 -7.8597
-7.85266 -7.85272
-7.9142 -7.9149
-8.01787 -8.01823
-7.98361 -7.98395
-7.87399 -7.87461
-7.94094 -7.94175
-8.01039 -8.01102
-8.0783 -8.07834
-8.07167 -8.07189
-7.94752 -7.94917
-8.07266 -8.07433
-7.88836 -7.89144
-8.07199 -8.07343
-7.99303 -7.99363
-7.9142 -7.91639
-7.94714 -7.9463
-7.99877 -7.99946
-8.10866 -8.10733
-7.93289 -7.93443
-7.99871 -7.99945
-7.9601 -7.95853
-8.04329 -8.04469
-7.93213 -7.93209
-7.94511 -7.94676
-7.94237 -7.9444
-8.02395 -8.0247
-8.06526 -8.0668
-8.06343 -8.06141
-7.98693 -7.98673
-7.91828 -7.91732
-8.10976 -8.10788
-8.10976 -8.10788
-8.10976 -8.10788
-8.09498 -8.09518
-8.09495 -8.09516
