0.00583227 0.0122027
-0.347785 -0.341619
-0.435615 -0.431078
-0.184209 -0.189233
-0.243022 -0.236467
-0.365026 -0.357367
0.35729 0.360888
0.308943 0.30496
0.251366 0.250618
0.325497 0.32206
0.385759 0.387652
0.227196 0.22006
0.325871 0.32126
0.32996 0.327727
0.281856 0.275709
0.27605 0.277486
0.355893 0.351664
0.293448 0.293978
0.272152 0.269907
0.382827 0.378043
0.308079 0.302023
0.31947 0.317217
0.270885 0.267246
0.361113 0.358215
0.230328 0.231067
0.311718 0.309239
0.297969 0.296349
0.339225 0.332645
0.258571 0.265746
0.271383 0.268964
0.339074 0.338495
0.306309 0.300276
0.31973 0.320045
0.345932 0.346625
0.384344 0.379735
0.308281 0.305066
0.395246 0.38952
0.111368 0.10496
0.308352 0.309049
0.0980349 0.0968373
0.434887 0.437102
0.392954 0.394749
-0.252149 -0.24744
0.320583 0.31947
0.265477 0.265098
0.368234 0.365718
0.194691 0.188421
0.317738 0.31845
-0.196723 -0.174552
0.189021 0.183807
0.303153 0.305263
0.0610261 0.0657567
0.178978 0.183512
0.305532 0.301686
0.137216 0.139841
-0.0793801 -0.078357
0.206389 0.204867
0.105567 0.0958312
0.0940298 0.0867744
0.0877692 0.0884905
0.341377 0.331122
-0.298874 -0.284233
0.348508 0.342662
0.252434 0.247493
0.156905 0.153233
0.108121 0.110333
0.167194 0.163498
0.343343 0.345325
0.272971 0.277521
0.341854 0.353955
0.220137 0.215331
0.340874 0.343009
0.277074 0.275765
0.169261 0.16808
0.149427 0.150721
0.182813 0.184475
0.332854 0.328898
0.347553 0.34554
-0.136609 -0.120666
0.350952 0.347629
0.21928 0.228765
0.278211 0.279775
0.303117 0.304535
0.289401 0.284169
0.0149752 0.0118317
-0.0236272 0.0315563
0.0983728 0.103645
0.0304121 0.0496003
0.0625449 0.0618174
-0.0391866 -0.0306193
-0.119534 -0.0767849
0.11181 0.114597
0.0179105 -0.00712118
0.00688313 0.0164253
-0.0264257 -0.016453
0.0514452 0.0589482
-0.0818263 -0.0829666
-0.0904327 -0.0864432
-0.0333059 -0.006795
-0.0274371 -0.0195439
0.0705394 0.0548146
-0.101827 -0.106114
-0.0794136 -0.0669143
0.0388256 0.0102684
-0.0313175 -0.02487
-0.032368 -0.00819421
-0.081162 -0.0818616
-0.0321932 -0.0505161
-0.0395996 -0.0317632
-0.0571491 -0.0413346
-0.0909353 -0.0791126
0.133512 0.129737
0.11556 0.109032
0.00228512 -0.00762632
-0.0593492 -0.06706
-0.0368094 -0.0371542
0.00475704 -0.00411592
0.00313299 0.00176882
0.0524935 0.0234761
0.0473847 0.0510812
0.000964253 -0.0021425
0.0340782 0.040283
-0.0554537 -0.0425349
0.133129 0.131744
0.0295859 0.0242516
-0.0542451 -0.0401162
-0.00573133 -0.00624474
0.113826 0.112389
-0.030594 -0.0439499
0.000354601 0.0007075
0.0928523 0.0842925
0.0483839 0.04431
0.0556584 0.0425676
-0.0344743 -0.0238045
0.0880484 0.0946577
0.120305 0.111431
0.122873 0.124385
0.117436 0.0966459
0.0503412 0.0623498
0.0344633 0.0505211
0.0369216 0.0296191
0.113782 0.118071
-0.0482267 -0.030653
0.0752926 0.0650064
0.121396 0.0784207
0.101675 0.0928793
0.0686282 0.0831305
0.0900203 0.0831764
0.0527656 0.0382354
0.0953158 0.09528
0.107485 0.0980745
0.0606715 0.044962
0.173718 0.151688
0.0562334 0.0618231
0.0331411 0.0376701
0.102515 0.109606
0.106259 0.0979533
0.0619506 0.0856747
-0.0632472 -0.0530665
0.151729 0.131387
0.0645663 0.0905616
0.0548297 0.04461
0.104877 0.109009
0.142434 0.132724
0.0287393 0.0303866
0.194491 0.160727
0.253707 0.23625
0.120627 0.111335
0.0743381 0.0690807
0.168654 0.149935
-0.0162289 -0.0188489
0.0978427 0.0930933
0.0999691 0.0961697
-0.0428429 -0.0344859
0.0574794 0.0599022
0.0534202 0.0661557
0.11115 0.104353
0.0951719 0.100272
0.285721 0.275973
0.0995501 0.110673
0.0291543 0.040553
0.0929156 0.0749663
0.0958961 0.0914902
0.036546 0.0253783
-0.00994236 -0.0181223
-0.27764 -0.268426
-0.224848 -0.225843
-0.153621 -0.145937
0.0321233 0.0298232
-0.269289 -0.266794
-0.23241 -0.226546
-0.264247 -0.263049
-0.28867 -0.279305
-0.234783 -0.229431
-0.104912 -0.111215
-0.140625 -0.142937
-0.242997 -0.247006
-0.277259 -0.273476
-0.214404 -0.21646
-0.112078 -0.113999
0.00693846 -0.000269959
-0.262715 -0.266217
-0.120313 -0.112227
-0.122114 -0.123166
-0.0621801 -0.0713287
-0.103529 -0.0938468
-0.171693 -0.175898
-0.0185595 -0.0140072
-0.253312 -0.253139
-0.149888 -0.141622
-0.168691 -0.176431
0.0277627 0.0239953
-0.0825318 -0.0882421
-0.0461999 -0.0495017
-0.148574 -0.152753
0.0277627 0.0239953
-0.0461999 -0.0495017
-0.148574 -0.152753
-0.116714 -0.125266
-0.0825318 -0.0882421
-0.116714 -0.125266
0.0353978 0.031453
-0.523752 -0.515106
-0.0868167 -0.0927736
-0.341358 -0.342712
-0.10505 -0.109835
-0.48293 -0.470604
-0.18004 -0.18162
0.0616333 0.0520241
-0.557101 -0.56177
-0.0961232 -0.100914
-0.413287 -0.412794
-0.00476015 -0.0107086
-0.244066 -0.243638
-0.327231 -0.338643
-0.451916 -0.46714
-0.191304 -0.198151
-0.197649 -0.203764
-0.36352 -0.361102
-0.35944 -0.363812
-0.0949552 -0.0996427
-0.211124 -0.220212
-0.371746 -0.373547
-0.331302 -0.341357
-0.480774 -0.482442
-0.400583 -0.405218
-0.186121 -0.191219
-0.279699 -0.279824
-0.675368 -0.663572
-0.125179 -0.125872
-0.22321 -0.230067
-0.398494 -0.399739
-0.394729 -0.387821
-0.298572 -0.294746
-0.228459 -0.225757
-0.470012 -0.464969
-0.379885 -0.370245
-0.234276 -0.233958
-0.00245283 -0.000357703
-0.284723 -0.295401
-0.521385 -0.52792
-0.0696823 -0.0821563
-0.0592631 -0.0656156
-0.16072 -0.156298
-0.175878 -0.178803
-0.487086 -0.482942
-0.185879 -0.181893
-0.604757 -0.604127
-0.0945827 -0.100914
-0.116004 -0.124671
-0.32663 -0.331888
-0.0659235 -0.0670224
0.0666713 0.0570317
-0.0696649 -0.0727044
0.00686901 0.00560412
0.033095 0.0252246
0.00228853 0.00184061
0.0284627 0.023867
-0.0602493 -0.0702826
0.0395729 0.0312215
-0.0210347 -0.0242828
-0.0104928 -0.017429
-1.42509 -1.44114
-1.45829 -1.47037
-1.41715 -1.43424
-1.38511 -1.38827
-1.27026 -1.25597
-1.40432 -1.42152
-4.08628 -4.08238
-3.86575 -3.84627
-0.927885 -0.93313
-1.28998 -1.29296
-1.20552 -1.20625
-1.31448 -1.33069
-1.2969 -1.30204
-1.38646 -1.40521
-1.45101 -1.46123
-1.18185 -1.16752
-1.22992 -1.23718
-1.15636 -1.17864
-1.15692 -1.16086
2.02267 2.05072
-1.41395 -1.42256
-1.32062 -1.32902
-1.01705 -1.00426
-1.20106 -1.21378
-1.42254 -1.43178
-1.14328 -1.14464
-1.34426 -1.35546
-1.46661 -1.47862
-1.34667 -1.34599
-1.17009 -1.18837
-1.33173 -1.33163
-1.19425 -1.19942
-1.45824 -1.46815
-1.20107 -1.21166
-1.3026 -1.30462
-1.36574 -1.37091
-1.17559 -1.16231
-1.35357 -1.36711
-1.27636 -1.28943
-1.12357 -1.13865
-1.37343 -1.38522
-1.07453 -1.05402
-1.30075 -1.29686
-1.36414 -1.37315
2.2389 2.29803
-1.04721 -1.05263
-1.1325 -1.14572
-1.40185 -1.41883
-1.361 -1.37853
-3.51504 -3.51075
-1.33304 -1.34213
-1.42258 -1.42671
-1.39932 -1.41505
-1.41173 -1.42723
2.06561 2.076
-1.20687 -1.22174
0.0505872 0.0440211
0.00163956 -0.0006001
0.122131 0.114219
0.00739066 0.0018079
-0.00545542 -0.0057915
0.0864509 0.0742917
-0.0381101 -0.0554704
0.0128542 0.0114732
0.103626 0.101165
-0.0137827 -0.0187512
-0.0126811 -0.0097498
-0.153775 -0.162029
0.0895543 0.0759123
-0.0135557 -0.0124983
-0.0771056 -0.0800597
-0.00300665 0.0010009
0.00524209 -0.0091693
0.0847651 0.0756755
0.0867221 0.0841995
-0.0170008 -0.0082038
-0.0246723 -0.0323172
0.0476286 0.0309866
-0.0448814 -0.0449802
0.0651579 0.0591939
0.136414 0.143248
0.0380966 0.0297542
0.0390235 0.0303865
-0.000543966 0.0019677
-0.0203732 -0.0107877
0.184036 0.178317
-0.084347 -0.0869447
0.126432 0.118283
-0.0671616 -0.0593084
0.0298449 0.0243965
0.0301252 0.0357166
-0.0732439 -0.07676
0.0469065 0.0453655
0.16462 0.156828
-0.082584 -0.0894637
-0.00128147 0.002567
-0.0179802 -0.0096207
-0.00999643 -0.0092385
-0.10349 -0.111522
-0.0701142 -0.0694497
-0.0333998 -0.0429147
-0.0728831 -0.0699972
0.0769136 0.0554933
0.0123709 0.0240174
-0.27622 -0.280763
-0.00937118 -0.0132172
-0.054905 -0.0344795
-0.192238 -0.172927
0.0337618 0.0392703
0.0104201 0.00803105
0.102417 0.100039
0.0785896 0.121426
-0.0375477 -0.0463164
-0.0879686 -0.0654225
-0.158864 -0.149572
-0.0475714 -0.0527228
-0.0676445 -0.0636004
-0.202164 -0.175821
-0.141977 -0.114102
-0.331083 -0.317043
-0.0289374 -0.0096075
-0.197995 -0.197277
-0.0992497 -0.122163
0.0787446 0.0869946
-0.192501 -0.19455
0.0237312 0.0442837
0.0462752 0.0230989
0.29635 0.28892
-0.111716 -0.113673
0.0934077 0.105784
-0.089393 -0.0814459
-0.0408593 -0.0249691
-0.139298 -0.12928
0.00852116 0.0184443
-0.00936242 -0.0193966
-0.0548915 -0.0627614
-0.151784 -0.1453
-0.0677763 -0.0287621
-0.0563537 -0.0461193
0.0264811 0.0278983
0.121305 0.131544
-0.0722603 -0.0687771
-0.056033 -0.0648138
-0.00609777 -0.000808816
-0.0865732 -0.0848714
0.00392144 0.00631105
0.0522436 0.0458046
0.00700255 0.00663697
-0.182181 -0.158739
0.321618 0.328767
0.278203 0.286802
0.327876 0.331189
0.29536 0.289916
0.315772 0.312557
0.446983 0.44932
0.324838 0.325059
0.4009 0.398201
0.532032 0.53287
0.348883 0.353982
0.264877 0.275265
0.348692 0.357385
0.241411 0.256169
0.289066 0.289973
0.287642 0.291641
0.288414 0.289983
0.123482 0.126377
0.303286 0.312578
0.283979 0.27687
0.345821 0.338877
0.251416 0.25613
0.33155 0.332626
0.288134 0.291652
0.355332 0.354466
0.359189 0.358216
0.359814 0.36742
0.240683 0.238787
0.316304 0.312681
0.353453 0.359502
0.206106 0.214294
0.404298 0.39701
0.393287 0.390247
0.316565 0.314886
0.263938 0.262492
0.180986 0.184313
0.329329 0.329868
0.347726 0.354274
0.335486 0.342252
-0.337799 -0.328625
-0.0609568 -0.0707982
-0.590274 -0.579033
-0.0731976 -0.0826957
-0.106519 -0.103104
-0.381354 -0.373264
-0.0766966 -0.0618232
-0.09763 -0.0937406
0.0336713 0.0406045
-0.446981 -0.430497
-0.187558 -0.178306
-0.257217 -0.247173
-0.0845737 -0.0949776
-0.351791 -0.332318
-0.419908 -0.410694
-0.368848 -0.357185
-0.100193 -0.101472
-0.0578437 -0.0501141
-0.064441 -0.0668148
-0.0631148 -0.0594514
-0.44372 -0.42268
-0.0123971 -0.0001585
-0.0124034 -0.0001763
-0.0123653 -0.0001849
0.0134367 -0.001879
0.0133649 -0.0018898
0.00604786 0.0124046
-0.463304 -0.457083
-0.537193 -0.529936
-0.174746 -0.177755
-0.31342 -0.319626
-0.538758 -0.535455
0.356225 0.359955
0.280553 0.280312
0.40463 0.400193
0.297324 0.295577
0.404762 0.406461
0.380755 0.378749
0.358908 0.360375
0.354444 0.355052
0.293335 0.286307
0.432087 0.436111
0.343037 0.344153
0.287772 0.278646
0.34141 0.346867
0.336638 0.336363
0.232712 0.2369
0.364154 0.364676
0.385084 0.377831
0.427931 0.423795
0.312739 0.311389
0.348777 0.34028
0.32325 0.3258
0.32725 0.323612
0.350041 0.352879
0.26768 0.268869
0.39566 0.393254
0.316005 0.31473
0.357899 0.368023
0.283171 0.278495
0.362463 0.358427
0.350291 0.344457
0.376419 0.371403
0.240195 0.238585
0.229859 0.229908
0.125905 0.134967
0.417486 0.418189
0.388432 0.390649
-0.0316129 -0.00398982
0.289116 0.28468
0.396907 0.403286
0.305762 0.303932
0.29577 0.28984
0.327442 0.320014
0.0697869 0.0777831
0.364856 0.358412
0.357245 0.359996
0.206916 0.21705
0.231895 0.239614
0.194107 0.194541
0.292723 0.301905
0.13608 0.146222
0.323243 0.32943
0.252374 0.256737
0.228336 0.239839
0.313482 0.313841
0.385123 0.380288
-0.0389465 -0.021135
0.295728 0.29188
0.265028 0.274321
0.37871 0.375951
0.246289 0.251243
0.327632 0.337245
0.384691 0.387261
0.249199 0.246401
0.401431 0.392644
0.245891 0.239154
0.276292 0.278939
0.20581 0.219346
0.221508 0.229678
0.235085 0.227908
0.271009 0.276378
0.315345 0.312079
0.321641 0.320153
0.0613194 0.0644617
0.305005 0.304487
0.232006 0.24338
0.295073 0.290325
0.314131 0.314375
0.205117 0.215201
0.0241183 0.0275055
0.0688863 0.0367808
0.0978931 0.102528
-0.0556212 -0.0482691
0.0174361 0.0259207
-0.0448547 -0.0383161
-0.0520415 -0.0704692
0.110789 0.113664
0.0624265 0.0860439
0.0573365 0.0631675
0.0225719 0.0224053
0.0495073 0.0610525
-0.0798002 -0.0767336
-0.0868643 -0.0733188
0.126891 0.109553
-0.0477122 -0.050255
-0.10476 -0.081452
-0.0729375 -0.0652304
-0.0892559 -0.0898337
-0.10916 -0.0856487
-0.100867 -0.0972982
0.041768 0.0347708
-0.152408 -0.12816
0.0220637 0.0438775
0.0364497 0.0265047
-0.0970305 -0.0991339
-0.0743563 -0.0841803
0.152415 0.168599
0.113944 0.10942
-0.0744935 -0.0524651
-0.137581 -0.107448
0.0317915 0.0452961
-0.0816801 -0.0592005
-0.0609866 -0.0492462
-0.0389003 0.00267303
-0.20984 -0.188586
-0.0541235 -0.0381347
0.0389221 0.0411004
-0.134574 -0.140161
0.0661675 0.0838782
-0.132075 -0.109824
-0.00596402 -0.0143353
-0.00441256 0.00949171
0.0829587 0.0885591
0.0834742 0.10207
-0.0275664 -0.0215986
0.0390189 0.0754868
-0.0803778 -0.0743964
-0.095692 -0.0768186
-0.0364246 -0.0269453
0.110849 0.106922
0.181077 0.19013
0.107352 0.119159
-0.0415611 -0.0164278
0.100611 0.0927085
0.151948 0.135401
0.0214077 0.037108
0.116134 0.11458
0.0586761 0.0316061
0.00141232 0.00544164
-0.048412 -0.0166104
0.0724777 0.0797383
0.0912721 0.0855874
-0.0130809 0.00216783
-0.0437511 -0.0343887
0.0489723 0.0456298
-0.0264551 -0.0117062
0.0345861 0.0500087
0.13032 0.138052
0.102282 0.0983996
0.0497091 0.0482751
0.0906172 0.0888157
0.0778387 0.0877278
0.127701 0.113763
-0.117898 -0.121714
0.069374 0.0872825
0.110917 0.0900299
0.10063 0.105808
0.116191 0.11318
0.0733154 0.0812947
0.00631319 0.00976329
0.062589 0.102657
0.144385 0.157896
0.0783238 0.0863172
0.122331 0.117838
0.104201 0.126752
-0.0409866 -0.0257859
0.0745168 0.0819341
0.0198546 0.0229223
0.177667 0.158008
0.101528 0.0940351
0.0891552 0.0865474
0.104119 0.108355
0.107037 0.110833
0.169903 0.176975
0.120498 0.114766
0.171086 0.160183
0.0231074 0.0454571
0.0997549 0.0970993
0.100573 0.112854
-0.0115128 -0.017792
-0.0671993 -0.0562024
-0.218107 -0.216147
-0.257138 -0.256787
0.0323311 0.030036
-0.321601 -0.323735
-0.252696 -0.248965
-0.207122 -0.206189
-0.245111 -0.245023
-0.160686 -0.163877
-0.103386 -0.100003
-0.0217394 -0.0186784
-0.339285 -0.341607
-0.183072 -0.182293
-0.249348 -0.252797
-0.26405 -0.260813
0.0063853 -0.000716025
-0.241981 -0.238511
-0.140013 -0.140199
-0.146296 -0.155456
-0.0545599 -0.0501438
-0.0737767 -0.0652648
-0.201131 -0.199005
-0.0205168 -0.0157828
-0.162182 -0.160356
-0.245173 -0.234926
-0.220458 -0.214544
0.0418358 0.0374414
-0.0685323 -0.07431
-0.065895 -0.0708603
-0.109139 -0.112019
0.0418358 0.0374414
-0.065895 -0.0708603
-0.109139 -0.112019
-0.151342 -0.150218
-0.0685323 -0.07431
-0.151342 -0.150218
0.0274015 0.0235616
-0.297689 -0.280755
-0.105156 -0.11154
-0.332286 -0.331166
-0.132322 -0.137747
-0.287958 -0.291811
-0.0451449 -0.0410063
0.0629262 0.0534774
0.0495624 0.0398715
-0.0672277 -0.0726944
-0.0162193 -0.0212309
0.0390346 0.0327041
-0.289954 -0.292093
-0.141948 -0.138872
-0.050809 -0.0447595
-0.0833458 -0.0896324
-0.273383 -0.272443
-0.284286 -0.280533
-0.187382 -0.178996
-0.032866 -0.039678
-0.333293 -0.34777
-0.291216 -0.299315
-0.343495 -0.353565
-0.299914 -0.273848
-0.259357 -0.264791
-0.154626 -0.152554
-0.230423 -0.240758
-0.374145 -0.37982
-0.172544 -0.172892
-0.163783 -0.160841
-0.144914 -0.14554
-0.503695 -0.486538
-0.51122 -0.50925
-0.309245 -0.31107
-0.242729 -0.244216
-0.406793 -0.406116
-0.25788 -0.252621
-0.0175992 -0.0169793
-0.199139 -0.194811
-0.385326 -0.381779
-0.164328 -0.164505
-0.0526407 -0.0642466
-0.255345 -0.253612
-0.215406 -0.217705
-0.341464 -0.349767
-0.313644 -0.31632
-0.367741 -0.358686
-0.0685619 -0.0746348
-0.00224221 -0.00714703
-0.620941 -0.623361
-0.125494 -0.12296
0.0569439 0.0477774
-0.0044051 -0.00558834
-0.00335383 -0.00160814
-0.0434135 -0.0404416
-0.0588016 -0.0578389
0.01083 0.00968007
-0.00150591 0.00400689
0.0307539 0.0238583
-0.0284071 -0.026726
-0.0495934 -0.0495847
-1.41874 -1.43036
-1.4517 -1.46565
-1.44614 -1.46165
-1.35225 -1.35736
-1.21847 -1.21737
-1.39629 -1.40791
-4.08794 -4.08194
-3.80932 -3.8191
-1.21058 -1.19659
-1.32192 -1.3364
-1.1148 -1.12703
-1.32738 -1.33794
-1.32297 -1.33328
-1.31633 -1.32881
-1.44013 -1.45221
-1.09843 -1.06527
-1.24806 -1.25615
-1.30313 -1.31689
-1.19584 -1.2093
2.31028 2.33145
-1.39163 -1.39646
-1.24766 -1.25268
-1.05454 -1.07885
-1.25295 -1.25716
-1.42199 -1.43337
-1.13715 -1.12998
-1.19659 -1.20705
-1.46184 -1.47402
-1.33758 -1.34662
-1.10316 -1.09798
-1.24987 -1.26501
-1.05134 -1.07227
-1.46368 -1.47353
-1.26241 -1.2736
-1.22904 -1.23233
-1.35393 -1.36701
-1.20926 -1.22508
-1.4367 -1.43639
-1.26277 -1.27316
-1.33487 -1.3336
-1.40266 -1.40934
-0.973457 -1.00372
-1.28264 -1.28451
-1.37379 -1.37975
2.52728 2.50952
-1.12776 -1.1499
-1.12096 -1.13353
-1.36385 -1.36796
-1.36968 -1.37091
-3.5326 -3.59238
-1.34276 -1.35037
-1.41791 -1.42815
-1.42605 -1.44095
-1.41199 -1.42812
2.05302 2.06644
-1.15645 -1.15476
0.0156769 0.013671
-0.105622 -0.103827
-0.0746546 -0.0794969
-0.0419903 -0.0430955
-0.0258428 -0.034402
0.170957 0.170208
-0.132505 -0.131473
-0.0887838 -0.0959163
0.0403135 0.0422738
-0.274732 -0.276948
-0.0107414 -0.0045767
-0.0960649 -0.0848993
-0.0473017 -0.0459376
-0.0560023 -0.0526637
-0.121296 -0.117818
-0.198133 -0.184682
-0.0487304 -0.0413873
-0.0371799 -0.0348082
-0.113653 -0.102001
-0.0129437 -0.0161782
-0.0766999 -0.0783276
-0.149628 -0.127961
-0.0111962 -0.0045108
0.0188831 0.0200256
-0.171561 -0.180056
0.0814018 0.0662823
-0.182831 -0.175716
-0.0262082 -0.0218921
-0.18063 -0.188944
0.131121 0.128791
-0.0183409 -0.0269758
-0.0872292 -0.10064
0.0393728 0.0333299
0.175496 0.164599
-0.129334 -0.136589
-0.275733 -0.260892
0.0285574 0.0233809
-0.0929567 -0.0974869
-0.0383816 -0.040275
-0.0709157 -0.0773858
0.0405248 0.0397786
-0.0258471 -0.0295686
-0.0727078 -0.0670314
-0.0589702 -0.0597101
-0.0258926 -0.0338203
-0.00922793 -0.0340808
0.0671536 0.0970792
0.0239946 0.0312382
-0.165195 -0.184281
-0.0737179 -0.0534137
-0.0886644 -0.0877916
-0.17797 -0.163825
0.059767 0.0487887
0.0154736 0.007855
0.0988772 0.0995492
0.189074 0.142394
-0.0231186 -0.0136893
-0.0755098 -0.0613754
-0.0165901 -0.0172268
-0.0561485 -0.0529655
-0.0475514 -0.0597049
-0.0491176 -0.0807958
0.0504221 0.036338
-0.164757 -0.17776
-0.0253992 -0.0082471
-0.0479877 -0.0446467
-0.177585 -0.167026
0.082525 0.0889534
-0.143262 -0.142146
0.0174672 -0.00191842
-0.0184976 -0.00259224
0.0904283 0.0860907
-0.0529804 -0.0611363
0.0930861 0.105435
-0.0833236 -0.0872989
-0.0210926 -0.0440879
-0.163409 -0.146294
0.0337296 0.0425409
-0.204336 -0.182182
-0.103786 -0.0790978
-0.0599505 -0.0762853
-0.252602 -0.26839
-0.0637811 -0.0727888
0.0423177 0.0282651
0.0693125 0.0556722
-0.109344 -0.0855416
-0.062366 -0.0586217
-0.0117422 -0.0232659
-0.0358445 -0.04792
0.0124434 0.0189128
0.0445135 0.0454237
0.0169942 0.01082
0.0184486 0.013285
0.310536 0.315961
0.251094 0.259769
0.261824 0.259019
0.14911 0.165393
0.307294 0.312913
0.380818 0.380409
0.391081 0.399029
0.347623 0.35071
0.38281 0.386564
0.346854 0.354175
0.312433 0.306709
0.379643 0.388523
0.330523 0.317062
0.207795 0.222076
0.309787 0.306628
0.239582 0.245141
0.127778 0.142431
0.320951 0.331947
0.308498 0.31967
0.344155 0.3432
0.256675 0.263778
0.393078 0.389326
0.262168 0.266293
0.32753 0.328994
0.190809 0.192757
0.347822 0.356541
0.442 0.441618
0.343508 0.341388
0.391166 0.394089
0.287406 0.28253
0.38378 0.389882
0.362047 0.366492
0.397559 0.398118
0.294182 0.290452
0.172842 0.174229
0.335826 0.340123
0.325416 0.333815
0.320327 0.330685
-0.250318 -0.241513
-0.0606443 -0.0704634
-0.657067 -0.653702
-0.0745013 -0.0839941
-0.0526251 -0.0566268
-0.46793 -0.461323
-0.040949 -0.0315214
-0.10596 -0.112195
0.0332841 0.0402607
-0.373011 -0.363197
-0.308119 -0.306386
-0.418855 -0.40631
-0.0775069 -0.0877669
-0.526832 -0.530458
-0.291049 -0.287351
-0.462298 -0.466087
-0.101475 -0.103872
-0.0664801 -0.0590186
-0.0767795 -0.0816382
-0.122775 -0.117813
-0.410778 -0.420379
-0.0123973 -0.0001543
-0.0124039 -0.0001733
-0.0123653 -0.0001759
0.0134342 -0.0018722
0.0133623 -0.0018733
-0.0145369 -0.0191638
-0.195127 -0.198944
-0.191149 -0.19728
-0.0798615 -0.084202
-0.00278906 -0.0156881
-0.204749 -0.207318
-0.0426339 -0.0377623
-0.179192 -0.184425
-0.114778 -0.119007
-0.092817 -0.102098
-0.111864 -0.127758
-0.11294 -0.119215
-0.0786301 -0.0839163
-0.0654181 -0.0754299
-0.168404 -0.173552
-0.0956862 -0.104295
-0.149638 -0.158336
-0.0863099 -0.0929098
-0.0875129 -0.0918569
-0.113867 -0.117476
-0.223054 -0.226344
0.0118124 0.00459817
-0.137115 -0.144116
-0.140566 -0.149118
-0.162524 -0.164346
-0.172523 -0.175628
-0.0888806 -0.100212
-0.162997 -0.167825
-0.0486824 -0.0548125
-0.176058 -0.181578
-0.0979454 -0.0983135
-0.0201321 -0.0277611
-0.0717561 -0.0737218
-0.181312 -0.187735
-0.149082 -0.157606
-0.125062 -0.132167
-0.141949 -0.150245
-0.3042 -0.30026
-0.0710164 -0.0821496
-0.229415 -0.227728
-0.254425 -0.255478
-0.107964 -0.122602
-0.275513 -0.270505
-0.0213294 -0.0286647
-0.256853 -0.25709
-0.130578 -0.137965
-0.20495 -0.203531
-0.19978 -0.200765
-0.27996 -0.277071
-0.201051 -0.203452
-0.196338 -0.203174
-0.274217 -0.273885
-0.261159 -0.263005
-0.157446 -0.16021
-0.189079 -0.189652
-0.247597 -0.235172
-0.291284 -0.2827
-0.224258 -0.226805
-0.305808 -0.30561
-0.173479 -0.175313
-0.291039 -0.294479
-0.287205 -0.275355
-0.109483 -0.116316
-0.223388 -0.222647
-0.183113 -0.182203
-0.061535 -0.0705524
-0.000559017 -0.0177549
-0.0986468 -0.109169
-0.217459 -0.220368
-0.0864375 -0.0919855
-0.126091 -0.131512
-0.0689355 -0.078791
-0.204246 -0.209052
-0.161484 -0.167677
-0.217064 -0.215893
-0.218934 -0.218443
-0.138816 -0.147552
-0.038925 -0.0509789
-0.300674 -0.291763
-0.14777 -0.154192
-0.294357 -0.284181
-0.210973 -0.212133
-0.101609 -0.107358
-0.0761666 -0.0835305
0.0922089 0.0757661
-0.213877 -0.21174
-0.122911 -0.133342
-0.0621365 -0.0685846
0.00592189 -0.00272539
-0.233765 -0.227987
-0.0519256 -0.0539209
-0.123138 -0.135551
-0.260056 -0.254709
0.0031309 -0.00256579
-0.187417 -0.185984
0.0932727 0.0831183
-0.202503 -0.202338
-0.027867 -0.0325687
-0.268111 -0.263368
-0.103454 -0.106783
-0.234257 -0.231105
-0.160867 -0.156818
-0.0335492 -0.0342084
-0.152051 -0.151511
-0.209199 -0.209331
-0.0383583 -0.0462322
-0.0240848 -0.0240057
-0.238686 -0.232261
-0.236219 -0.236246
-0.216218 -0.212243
-0.0987101 -0.101781
-0.0902339 -0.0967934
-0.143005 -0.14684
-0.112679 -0.115251
-0.0689663 -0.0754174
-0.0895314 -0.0933533
-0.0720355 -0.0798751
-0.169422 -0.16881
-0.230395 -0.226833
-0.232766 -0.235983
-0.315949 -0.311708
-0.0799108 -0.0891292
-0.136255 -0.136563
-0.218242 -0.218689
-0.188876 -0.192137
-0.202139 -0.203462
-0.0743881 -0.0810836
-0.0764792 -0.0845743
-0.0900769 -0.0893259
-0.161056 -0.160856
-0.180502 -0.181495
-0.201824 -0.197319
-0.0452126 -0.0535088
-0.100756 -0.104589
-0.10137 -0.0970134
-0.118204 -0.136891
-0.108949 -0.117975
-0.160622 -0.164771
-0.106934 -0.114425
-0.143095 -0.147001
-0.182255 -0.185705
-0.130083 -0.140236
-0.124196 -0.136198
-0.130374 -0.133007
-0.130946 -0.140953
-0.165195 -0.168279
-0.224431 -0.228204
-0.0338687 -0.0370205
-0.0764993 -0.0913773
-0.0951497 -0.0984089
-0.197328 -0.199113
-0.114933 -0.122826
-0.185809 -0.186646
-0.0694108 -0.0746943
-0.0787125 -0.0830953
-0.0790619 -0.0867563
-0.119831 -0.124691
-0.207185 -0.213812
-0.107013 -0.124759
-0.0791023 -0.082432
-0.18001 -0.185573
-0.101135 -0.121193
-0.125682 -0.133738
-0.114585 -0.120376
-0.209109 -0.211968
-0.18792 -0.190815
-0.16514 -0.167255
-0.132723 -0.14119
-0.160459 -0.167378
-0.108623 -0.116079
-0.168127 -0.173502
-0.13382 -0.139225
-0.0523025 -0.0546539
-0.0737723 -0.090661
-0.173135 -0.179075
-0.127661 -0.128969
-0.136393 -0.138732
-0.0581859 -0.0561721
-0.00162621 -0.00902013
-0.116947 -0.116024
-0.115027 -0.116288
-0.143559 -0.147914
-0.129079 -0.130782
-0.169267 -0.173304
-0.0945188 -0.0858163
-0.0699019 -0.0724156
-0.112316 -0.106235
-0.155557 -0.154575
-0.110749 -0.106989
-0.120658 -0.117424
-0.0275266 -0.023887
-0.00996418 -0.00763283
-0.026854 -0.0245266
-0.0154691 -0.0139932
-0.000364991 -0.000297582
-0.000316825 0.00567816
-0.153392 -0.14745
0.00507529 0.0114938
-0.10547 -0.0995244
-0.07793 -0.0748218
0.012139 0.0115366
-0.11198 -0.104627
-0.202956 -0.19949
-0.00779346 -0.0156421
0.0316632 0.0288842
-0.0134592 -0.00284848
-0.245425 -0.238445
0.154841 0.157633
-0.030316 -0.0312238
-0.124966 -0.127924
-0.196366 -0.189856
-0.116253 -0.111952
-0.0974144 -0.0954692
-0.0320486 -0.0338561
-0.0604889 -0.0598596
-0.116253 -0.111952
-0.0320486 -0.0338561
-0.0604889 -0.0598596
-0.0306647 -0.0282205
-0.0974144 -0.0954692
-0.0306647 -0.0282205
-0.00139149 0.000886892
-0.297579 -0.296561
-0.137668 -0.13013
-0.153133 -0.148572
-0.143543 -0.138497
-0.251106 -0.25043
-0.186694 -0.181245
-0.146598 -0.131456
-0.182222 -0.17517
-0.156814 -0.147844
-0.265988 -0.26706
-0.140995 -0.134782
-0.131819 -0.121737
-0.186365 -0.181939
-0.200286 -0.18801
-0.0593589 -0.0561743
-0.142776 -0.13986
-0.224054 -0.224479
-0.226803 -0.220126
-0.0531627 -0.0478845
-0.251765 -0.251875
-0.191606 -0.187703
-0.181911 -0.176521
-0.287846 -0.279064
-0.295707 -0.289614
-0.202218 -0.195664
-0.207436 -0.205873
-0.300163 -0.305407
-0.0668213 -0.0661283
-0.0681433 -0.0648616
-0.0667766 -0.0590693
-0.260367 -0.264206
-0.185444 -0.186657
-0.0342081 -0.0325651
-0.200435 -0.198646
-0.21834 -0.220867
-0.271985 -0.277642
0.0425764 0.043086
-0.131576 -0.121166
-0.207702 -0.20135
-0.172453 -0.166005
-0.163681 -0.15773
-0.0946321 -0.0868095
-0.118682 -0.115939
-0.268557 -0.266373
-0.0267809 -0.0246359
-0.248758 -0.245898
-0.0989848 -0.0922886
-0.105818 -0.100354
-0.194578 -0.187955
-0.223592 -0.223292
-0.147633 -0.134258
-0.224956 -0.226597
-0.197425 -0.19841
-0.204003 -0.203134
-0.217516 -0.220959
-0.199618 -0.199069
-0.207468 -0.208918
-0.14755 -0.140452
-0.195874 -0.199365
-0.200602 -0.201278
-0.198933 -0.209961
-0.154445 -0.165887
-0.175909 -0.181277
-0.236421 -0.251767
-0.164937 -0.196273
-0.218272 -0.221277
-0.166839 -0.164363
-0.337538 -0.33898
-0.141683 -0.174854
-0.334724 -0.344902
-0.254938 -0.272706
-0.219733 -0.241967
-0.272904 -0.287734
-0.176498 -0.200254
-0.147719 -0.168702
-0.152484 -0.188509
-0.318096 -0.340341
-0.298506 -0.320668
-0.312878 -0.327612
-0.240356 -0.257473
-0.247291 -0.259048
-0.208507 -0.232651
-0.403247 -0.414758
-0.337985 -0.351609
-0.167547 -0.18708
-0.170109 -0.193103
-0.293703 -0.309049
-0.106063 -0.128885
-0.111483 -0.131429
-0.126512 -0.15207
-0.100938 -0.122027
-0.291444 -0.317974
-0.143446 -0.165984
-0.257113 -0.271618
-0.304891 -0.314687
-0.280329 -0.290078
-0.389089 -0.403147
-0.0901205 -0.116048
-0.212048 -0.232518
-0.191649 -0.217512
-0.120223 -0.141647
-0.348822 -0.354914
-0.304133 -0.315078
-0.264769 -0.284096
-0.226262 -0.236675
-0.3066 -0.326942
-0.333359 -0.345685
-0.178984 -0.200287
-0.294652 -0.306894
-0.436717 -0.430917
-0.18008 -0.205123
-0.155604 -0.179605
-0.118476 -0.131555
-0.134692 -0.145524
-0.149084 -0.166194
-0.327529 -0.339526
-0.0913608 -0.0999586
-0.0628364 -0.0739351
-0.0327433 -0.0445087
-0.199187 -0.20918
-0.0110907 -0.0231914
-0.119986 -0.133075
-0.282832 -0.286163
-0.0921218 -0.102151
-0.0149521 -0.0249299
-0.168358 -0.173144
-0.00866766 -0.0250227
-0.225612 -0.238382
-0.304548 -0.311507
-0.0195994 -0.0343278
-0.220005 -0.224287
-0.20884 -0.208898
-0.0603816 -0.0643042
-0.129611 -0.128943
-0.222369 -0.229192
-0.028281 -0.0434403
-0.21175 -0.221572
-0.15349 -0.158839
-0.0231372 -0.0347492
-0.134878 -0.143435
-0.127767 -0.145699
-0.0793248 -0.0827694
-0.0571421 -0.0676489
0.0033055 -0.014931
-0.216928 -0.214773
-0.16798 -0.181905
-0.13191 -0.140942
-0.201172 -0.20776
-0.170624 -0.177986
-0.140781 -0.15323
-0.0116128 -0.0217698
-0.267669 -0.266562
-0.0925098 -0.102516
-0.119201 -0.13035
-0.153851 -0.159805
-0.0937031 -0.102961
-0.00904809 -0.0253118
-0.0462182 -0.056752
-0.197709 -0.208835
-0.0328875 -0.0464684
0.588872 0.573526
0.173943 0.156755
-0.147086 -0.159227
-0.0302435 -0.0469929
-0.238815 -0.242263
-0.134753 -0.146513
-0.21568 -0.214221
-0.0958144 -0.112853
-0.0910344 -0.0963912
-0.0783798 -0.0928104
-0.0695496 -0.0804851
-0.15428 -0.169027
-0.133633 -0.146623
-0.0444666 -0.05694
-0.18263 -0.180785
-0.128059 -0.137317
-0.0502597 -0.063679
-0.115771 -0.128283
-0.196423 -0.214556
-0.234235 -0.237381
-0.0443942 -0.0559743
-0.13034 -0.146932
-0.128534 -0.128843
-0.0205552 -0.0376632
-0.119875 -0.125981
-0.185592 -0.191908
-0.068744 -0.0786414
-0.149898 -0.162081
-0.117983 -0.123913
-0.0166466 -0.0216079
-0.10321 -0.116277
-0.0498128 -0.0635739
-0.223375 -0.23266
-0.0450121 -0.0619412
-0.141841 -0.146075
0.577399 0.565209
-0.0912248 -0.0907043
-0.195079 -0.212892
0.651422 0.648472
-0.0346104 -0.0454464
0.455755 0.430246
-0.179652 -0.200945
-0.0382424 -0.0523624
-0.0523671 -0.0667059
-0.138344 -0.143909
0.675558 0.682928
-0.00805709 -0.0237495
-0.0151945 -0.029823
-0.0597466 -0.0724689
-0.0855289 -0.092549
-0.0776278 -0.0833898
-0.157893 -0.166036
-0.216895 -0.228494
-0.10814 -0.112726
-0.198265 -0.205974
-0.203679 -0.210837
-0.207751 -0.213348
-0.113597 -0.121114
-0.0332604 -0.0400493
-0.269458 -0.273061
-0.0345735 -0.0411889
-0.23821 -0.239807
-0.234338 -0.239631
-0.241206 -0.245057
-0.240855 -0.247113
-0.290398 -0.295271
-0.0461827 -0.0524789
-0.258337 -0.262821
-0.215509 -0.222196
-0.0721809 -0.079446
-0.065249 -0.0706518
0.0107944 -0.016479
-0.110458 -0.122103
-0.125952 -0.13429
-0.00771949 -0.014881
-0.0808846 -0.0993158
-0.0234611 -0.0356683
-0.0323513 -0.0506175
-0.218541 -0.218677
-0.181492 -0.186605
-0.143973 -0.148135
-0.123563 -0.127873
-0.238493 -0.24586
-0.212251 -0.216791
-0.130876 -0.134084
-0.0399629 -0.0470007
-0.0459276 -0.0533771
-0.110573 -0.126537
-0.0152639 -0.0255897
-0.191869 -0.201384
-0.00897409 -0.0237372
-0.0534121 -0.0671168
-0.175885 -0.180987
0.832573 0.845632
-0.0567215 -0.0663551
-0.00225749 -0.00612297
-0.119321 -0.140425
-0.0894374 -0.099873
-0.0623306 -0.0721172
-0.0792372 -0.0838746
-0.207118 -0.20407
-0.111337 -0.124299
-0.149794 -0.160695
-0.0324808 -0.0467656
-0.0420942 -0.0546245
0.0465454 0.0370089
-0.058415 -0.0787866
-0.0408892 -0.0514112
0.0143516 -0.0121713
0.0144666 -0.0120676
0.0145213 -0.0120489
0.273802 0.228733
0.274183 0.229025
-7.05623e-06 -1.18852e-05
-0.0527761 -0.0592243
-0.120191 -0.124443
0.00243836 0.00193168
-0.0790485 -0.0842916
0.0270933 0.0247897
-0.0125 -0.012969
0.0360735 0.0373391
-0.0124064 -0.0140751
-0.00352366 -0.00100339
-0.000179862 -0.000197857
0.0127177 0.0143213
-0.0178831 -0.0192453
-0.010069 -0.00897085
0.00849812 0.00744451
0.0290854 0.0241629
-0.0168172 -0.0163596
-0.0296399 -0.0321227
0.0429723 0.0426834
-0.0390818 -0.0389652
0.0143389 0.0157884
0.0269047 0.0260719
0.0592565 0.0553821
-0.00617584 -0.00556205
-0.0135532 -0.0126931
-0.00890254 -0.00676411
-0.00474284 0.00120679
-0.00810518 -0.00584478
-0.0138194 -0.0154254
-0.0111626 -0.010674
-0.0122132 -0.0123527
-0.0463647 -0.047074
0.0385649 0.0312386
0.0120376 0.0109873
0.00831683 0.00698473
-0.0803657 -0.0841119
-0.0297093 -0.0288827
-0.140735 -0.138728
-0.00684362 -0.00840661
-0.130237 -0.127653
0.012128 0.0079717
-0.00789159 -0.00778286
-0.178283 -0.17714
-0.0165305 -0.0177656
0.0271144 0.0266897
0.0313649 0.0299415
-0.00279038 -0.0101371
0.00835225 0.0171442
0.0126525 0.0047125
0.0201762 0.0178853
-0.138248 -0.136114
-0.104458 -0.10894
-0.051586 -0.0552484
0.0130211 0.00618268
-0.0472419 -0.0460071
-0.0726308 -0.0819318
0.00142992 0.00198045
0.0249492 0.00997366
0.0510439 0.0451934
-0.0178164 -0.0247045
-0.0112096 -0.0179399
-0.162091 -0.170044
-0.0346052 -0.0339439
-0.0771224 -0.0796983
-0.0229421 -0.0224011
-0.0369118 -0.0392091
-0.163533 -0.163901
-0.0540275 -0.0546524
0.0496083 0.0468204
0.00221619 -0.00965866
0.0144679 0.0119456
-0.00883632 -0.00831741
-0.0388884 -0.0406053
0.0376277 0.026575
-0.0440504 -0.0451542
-0.0520134 -0.0528883
-0.0167405 -0.0162934
-0.00938199 -0.00915009
-0.0645594 -0.0828782
-0.0245001 -0.0253723
0.0225706 0.0168326
-0.0294291 -0.0286083
0.0118991 0.0132707
-0.0297131 -0.024952
0.00441774 0.00380013
0.0177628 0.0275343
-0.00104739 -0.000266711
0.0674189 0.0635911
-0.0216248 -0.0104962
-0.0922181 -0.058403
0.0394561 0.0422346
7.81704e-05 1.02632e-05
-0.0368137 -0.0113307
0.00463537 0.00292645
0.0809111 0.0524141
-0.000528105 0.000192763
0.00919435 0.00696921
0.0457564 0.0435814
-0.0246778 0.0209537
0.0143366 0.0222497
-0.0516566 -0.0425109
0.0553475 0.0530754
0.0656246 0.0499524
0.0160147 0.00548289
0.0555927 0.0553392
0.0690702 0.0803704
-0.0096968 -0.0224504
-0.00372605 0.0126837
0.00920501 0.0124536
0.0616642 0.0708468
-0.00437945 -0.0262886
0.0421796 0.0120003
0.000588059 -0.000678947
0.033819 0.0246928
0.0546462 0.0377601
-0.0343064 0.0208109
0.0200244 0.0218212
0.0137686 0.00985855
-0.0364588 -0.00539816
0.0219637 0.00415329
0.0643665 0.0578722
-0.00133507 -0.000428289
0.0227042 0.0183276
-0.0234245 -0.00781592
0.0179652 0.0265996
-0.0281751 -0.00315684
0.00246115 -0.00927921
-0.012263 -0.0142962
0.0412232 0.0145403
-0.00225985 0.00490737
0.00770324 0.0203949
0.034448 0.0239238
0.0276338 0.0303396
0.0709692 0.0765058
0.0189676 0.00796737
0.0471187 0.0309118
-0.015544 -0.0048
0.0192041 0.00587257
0.000939737 0.00193053
0.014533 0.0217064
0.00230471 -0.010908
0.00922146 0.00267855
0.0414782 0.0238009
0.0136877 0.00927658
-0.00550379 -0.00250026
-0.0298628 -0.0107132
-0.00568248 -0.0158367
-0.0693019 -0.0401989
-0.0078688 -0.00687349
0.0212876 0.0171432
-0.0116682 0.00345066
0.0184324 0.0133393
0.00368509 -0.000930329
0.0522043 0.0245785
-0.0582944 -0.0410716
-0.00887838 -0.00634382
-0.0616782 -0.0472039
0.0563168 0.0498037
0.00733078 -0.000708487
-0.0258326 -0.0136976
-0.00400752 -0.00630053
0.0465024 0.0320794
0.00908103 0.000723158
-0.0299106 -0.00822632
-0.00447061 0.00645039
0.0760347 0.0387241
-0.0192086 -0.00386546
-0.0404957 -0.0172209
-0.0287387 -0.0331072
-0.00914696 -0.0113009
-0.0163942 -0.0159334
-0.0217436 -0.00735789
0.0341805 0.0180574
-0.0254214 -0.017777
0.024046 0.00840822
-0.0265655 -0.023628
-0.0427609 -0.0180126
0.0246326 0.00474013
0.0552193 0.0580849
0.0520189 0.0256153
0.0601315 0.0590339
-0.0382345 0.00017625
-0.0532654 -0.0229301
-0.106196 -0.0737483
-0.00206867 -0.00181012
-0.0400608 -0.0183351
0.0390227 0.0423284
0.0183728 0.0280335
-5.34766e-05 -5.36475e-05
0.132124 0.133234
-0.0127703 -0.0114582
-0.0884929 -0.0907946
-0.0139474 -0.0142101
-0.0205284 -0.0193995
-0.0162879 -0.024025
-0.040315 -0.0425325
0.0838734 0.0866561
-0.0348122 -0.0371517
0.0120306 0.0115637
0.0491723 0.0520299
6.23944e-05 0.000367664
-0.00717456 -0.00649377
0.0167363 0.0141234
0.0449285 0.0620113
-0.038433 -0.0294389
0.0221123 0.0202331
0.0835301 0.0808717
0.00012854 3.90164e-05
-0.0378701 -0.0438786
-0.0596326 -0.0481502
0.0751807 0.0806578
0.00190413 0.00169098
-0.0202803 -0.0237726
0.0139188 0.013266
-0.0234482 -0.0226358
0.00190413 0.00169098
0.0139188 0.013266
-0.0234482 -0.0226358
-0.0439592 -0.0429898
-0.0202803 -0.0237726
-0.0439592 -0.0429898
0.00682251 0.00790074
-0.029956 -0.0325372
-0.0136414 -0.0133734
0.00963742 0.0108739
-0.0392373 -0.0366624
-0.0469774 -0.0423979
0.0163107 0.0173118
-0.000482367 -0.000516284
-0.134426 -0.144502
0.00591561 0.00607919
-0.079666 -0.0839107
-0.0204659 -0.0203051
-0.028463 -0.0284519
-0.0092778 -0.018459
-0.223351 -0.220598
0.0404359 0.0363349
-0.0142402 -0.0142745
-0.0193554 -0.023829
-0.0326631 -0.0392738
-0.00243539 -0.00102162
-0.00131785 0.0130293
-0.0922734 -0.09121
0.0138943 0.0240784
-0.0477523 -0.0550843
-0.109995 -0.111487
0.0255293 0.0266778
-0.0182846 -0.00968088
-0.0798301 -0.0991228
0.0160755 0.0157428
0.018164 0.0188141
-0.00577705 -0.010393
-0.0919631 -0.101674
-0.0241237 -0.0261239
0.00780765 0.00948649
-0.0621452 -0.0672695
-0.02886 -0.0284422
-0.0109337 -0.00713689
-0.00578113 -0.00490824
-0.0100651 -0.00773378
-0.0121715 -0.00987878
0.0450669 0.0436197
-0.0325272 -0.0273478
0.0176894 0.0171829
-0.0046268 -0.00637304
-0.124783 -0.131453
-0.00505605 -0.00449345
-0.0249391 -0.0234631
-0.0274212 -0.024053
-0.0440392 -0.0429968
-0.0223998 -0.0186734
-0.0152475 -0.0135115
-0.00176393 -0.00182111
0.0188697 0.0133059
-0.0124002 -0.00753152
-0.0120922 -0.01507
0.00158899 0.00483763
-0.0329859 -0.0336264
0.0197759 0.0193126
-0.00387341 -0.00380331
-0.022828 -0.0232857
0.00306366 0.00499851
-0.0109668 -0.0128936
-0.00124364 -0.0024754
-0.0183392 -0.0164671
-0.0574906 -0.0544764
0.00249912 0.0187125
-0.0185271 -0.0179506
-0.000498504 0.000812
0.0257376 0.0184904
-0.0229468 0.0082672
0.0441659 0.0418222
0.0652412 0.0612808
-0.0306852 -0.0319234
-0.0399835 -0.0357639
-0.00296282 0.0077112
0.00778009 0.0065399
0.0959007 0.089812
-0.0481738 -0.0476841
0.0133872 0.015411
-0.0339103 -0.0211925
0.0433575 0.0385501
-0.0314453 -0.0285549
0.000732399 -0.0077431
-0.0336282 -0.0432327
-0.0295807 -0.0211132
0.00766462 0.0067967
0.0534067 0.0429686
0.0316046 0.0288121
0.00888824 0.0065306
0.0201223 0.0169827
0.0428745 0.0322399
-0.0194731 -0.0262291
-0.0324613 -0.0267521
-0.00744707 -0.0070707
-0.0407356 -0.0290657
-0.00599977 -0.0085977
-0.0516889 -0.0516669
-0.0253748 -0.0241344
0.00619844 0.0087282
-0.0516462 -0.0413485
-0.108454 -0.0927918
0.00632144 -0.0024389
0.0358983 0.0487238
-0.00426908 -0.0007081
-0.00811564 -0.005004
-0.0421286 -0.0182236
-0.0272646 -0.0171282
-0.0252916 -0.0273571
0.010448 0.0074919
0.0464192 0.052555
0.0902643 0.105303
0.0417882 0.0399548
0.0154277 0.0158577
-0.0186244 -0.018101
0.00739244 0.0050382
-0.017199 -0.0141336
0.037756 0.02891
-0.0180798 -0.0160635
-0.0325149 -0.0286502
-0.0914085 -0.0805384
0.051341 0.0566596
-0.0141256 -0.0131014
0.0488018 0.0382501
-0.105352 -0.112771
-0.0591064 -0.0617
-0.0676435 -0.0616936
-0.0299664 -0.0370479
0.0145204 0.0144732
-0.0274783 -0.018731
-0.0098424 -0.0044247
-0.0264909 -0.0242376
0.0271157 0.0267072
0.049203 0.0318515
0.106468 0.11038
-0.035699 -0.0294145
-0.0729375 -0.0740421
0.0306902 0.0286032
0.0508794 0.0424735
-0.0830909 -0.0824233
0.0345663 0.0373301
-0.0087275 -0.0098742
-0.00395511 -0.0217026
-0.0457605 -0.0365391
-0.0479358 -0.0339727
-0.0136669 -0.0128738
0.135258 0.147718
-0.0776447 -0.0865137
0.0102766 0.0133216
-0.0504407 -0.0538398
0.11978 0.111812
-0.0085113 -0.0104856
-0.0574084 -0.060796
-0.0350401 -0.0490338
0.0747005 0.0708132
-0.0181695 -0.0156868
0.0220136 0.0199293
0.0583614 0.0568795
0.0201354 0.0182346
-0.0411133 -0.0405195
-0.0463046 -0.0560978
0.00125794 0.00218408
-0.000716231 0.00221408
-0.0458683 -0.0455436
0.0587127 0.04511
0.00160322 0.00137158
0.236411 0.214109
-0.0328611 -0.0126683
0.0245576 0.014565
-0.0806393 -0.0653872
-0.000806653 0.003415
-0.0137521 -0.01911
-0.000771965 -0.000318421
0.0499319 0.036658
0.0938744 0.0694579
-0.000118973 -0.000693158
7.57583e-05 0.0118718
0.00662117 0.0225507
-0.0241931 -0.0202428
0.0463643 0.0149941
0.126295 0.117884
0.196909 0.178344
0.000127778 0.000396184
0.118726 0.0720104
-0.0485828 -0.0212971
-0.00025227 -1.42105e-05
0.00335427 0.00198605
0.0114893 -0.00711079
-0.0156433 -0.0180743
-0.0866595 -0.0610028
0.0233217 0.0166112
0.000148952 0.000105921
-0.0681922 -0.0516676
0.0378851 0.0261439
0.00311432 0.0116796
0.0194261 0.0188625
-0.0106507 -0.0249908
-0.0206079 -0.0182147
0.000282634 0.00370197
-0.106381 -0.0658542
0.00809193 0.00538158
-0.00879103 -0.00201526
0.033806 0.0413783
-0.0137056 0.00886921
0.00383202 -0.000771316
-0.0101233 -0.0184933
-0.0684922 -0.0562278
0.00840812 0.0128205
-0.000502984 0.000183684
-0.000212556 -0.000510263
0.118726 0.12556
0.0157938 0.0144642
0.0431318 0.0436541
-0.0147016 -0.0128538
-0.0200084 -0.0100504
0.0176747 0.0170685
-0.050435 -0.0604868
0.0133729 0.0102462
0.0396085 0.0384363
0.00955842 0.0067625
0.0143639 0.0138946
0.0516793 0.0489051
-0.0179084 -0.0160684
-0.0497572 -0.0428238
-0.0270329 -0.0380628
-0.00716581 -0.0123996
0.0562826 0.0528222
-0.0547127 -0.0516164
-0.00327761 -0.00180473
0.0642633 0.0648918
0.0669074 0.0615525
0.017848 0.0169683
-0.040369 -0.037708
-0.0884403 -0.0971915
0.00102001 0.000266875
0.0490968 0.0483493
0.00986588 0.00910946
0.0897755 0.0774185
0.04176 0.0427716
0.0833027 0.0826986
0.0214219 0.019981
-0.00577792 -0.0075633
0.0355441 0.0371076
-0.0141387 -0.00987688
-0.0883874 -0.0880032
-0.0100154 -0.00759839
-0.00318894 -0.00401259
0.0167587 0.0151221
0.0301801 0.0303483
0.00248244 0.00171169
-0.000430209 -0.000447095
-0.14012 -0.13818
0.00299451 0.00281345
0.0264725 0.0319659
-0.156155 -0.1608
0.00294585 0.00324486
0.0475766 0.0523382
0.000528091 0.000552432
0.0635421 0.0683316
0.0746572 0.0762705
0.0635547 0.0688393
-1.38887e-05 0.000626081
-0.0876781 -0.0877766
-0.004907 -0.000642365
0.0168279 0.0246245
-0.00552729 -0.00553703
0.0103444 0.0100947
0.0177147 0.0161665
0.0274891 0.0344532
-0.016572 -0.00993838
-0.000670849 -0.0005665
-0.000672129 -0.0005615
0.000666829 0.0005697
0.000660268 0.000608
-0.000660077 -0.0006065
-1.52331e-06 -1.01639e-05
0.0306049 0.0284338
-0.00770906 -0.00626746
0.000734239 0.000206311
-0.0405176 -0.0423132
0.0338199 0.0358825
-0.0018494 -0.00172415
-0.0446972 -0.043539
-0.0189995 -0.01784
-0.00839 -0.00882571
0.000161181 0.00015692
0.0100052 0.00874536
-0.00399257 -0.00303933
0.00327477 0.00272688
-0.0060304 -0.00552656
0.00278635 0.00338415
-0.00112011 -0.00273286
0.00333851 0.00241643
-0.00463398 -0.00381129
-0.0321603 -0.031455
-0.00448935 -0.00457116
0.0190407 0.019181
-0.019205 -0.0185189
-0.00556013 -0.00579192
-0.00326585 -0.00362799
-0.0145715 -0.0147012
-0.0302798 -0.0305605
-0.0117896 -0.011845
-0.00560406 -0.00638344
-0.0430641 -0.0439026
-0.00591526 -0.00536634
-0.00803169 -0.00866701
-0.0180266 -0.017073
-0.00791676 -0.00791237
0.00322841 0.00331509
-0.0184396 -0.0159809
0.00313268 0.00278821
0.04344 0.0433474
-0.00756894 -0.00742152
-0.0421224 -0.0419799
0.0345586 0.0338998
-0.0020334 -0.00221312
0.100068 0.0986971
0.0109156 0.010165
0.0329661 0.0338325
0.00633749 0.00618839
0.00136638 0.000298214
0.0150164 0.0169129
0.0580608 0.0570932
0.011916 0.0124225
-0.00262836 -0.00225411
-0.0104808 -0.0126143
0.0500309 0.0529728
-0.00661495 -0.00654768
0.0409295 0.0413074
0.0589945 0.0602671
0.0129215 0.012078
0.00597461 0.00899732
0.0724126 0.0743628
0.0152746 0.0150271
0.013572 0.0139377
-0.0285143 -0.0328965
0.00641986 0.00675446
0.00634955 0.0072775
-0.00141445 -0.0025608
0.0437898 0.0442029
0.0540919 0.0534524
0.0134436 0.0134498
-0.0182009 -0.0181952
0.026804 0.0265662
-0.0121512 -0.0139837
0.00439371 0.0042133
0.00223588 0.00216732
0.00346491 0.00367446
-0.00497869 -0.00539616
0.0487648 0.0486661
0.0126567 0.0129933
0.0121428 0.0121161
-0.0187094 -0.0225455
0.0216441 0.021994
0.0490178 0.0519731
0.0154667 0.0160561
-0.030168 -0.0304137
-0.0347439 -0.0356797
-0.00445746 -0.00393461
0.00388975 0.00719868
0.00098994 0.00104263
0.00599462 0.00647553
-0.00571154 -0.00495934
0.000322412 0.000328947
0.0332869 0.0309532
4.28856e-07 -1.13158e-05
-0.0543451 -0.0527274
0.00251598 0.001415
0.0114152 0.0116128
0.00238449 0.00258816
0.0479861 0.0496813
-0.0381254 -0.0404108
-0.0244341 -0.0253597
-0.0114672 -0.0119841
-0.0390607 -0.0389984
-0.0646043 -0.0654138
-0.00247868 -0.00217618
-0.0240116 -0.0235438
-0.0970853 -0.10017
-0.0060951 -0.00730882
-0.0172544 -0.0193916
-0.0284066 -0.0234559
-0.0409397 -0.0416589
-0.0259538 -0.0240339
-0.0812548 -0.0822634
-0.0278478 -0.0288826
0.00056052 0.000743289
-0.00983261 -0.00895355
-0.0298409 -0.0318386
-0.00457675 -0.00230132
0.0243503 0.0220286
-0.0177099 -0.017385
0.0939235 0.0943554
0.0307672 0.0295009
-0.00937371 -0.00956303
-0.00225537 -0.00225934
0.0572575 0.0580665
-0.0352091 -0.0357733
-0.00200732 -0.003605
-0.0515122 -0.0516813
0.0099989 0.0102009
-0.000821476 -0.000600789
-0.00358461 -0.00531105
-0.00149448 -0.00209829
-0.0336025 -0.0335259
0.0159232 0.0174483
0.0167553 0.0174517
0.0409203 0.0392995
-0.000962205 -0.00110737
0.0357583 0.0361503
-0.001537 -0.00137342
-0.0293464 -0.0282541
-0.024621 -0.0243739
-0.0601571 -0.0583631
-0.0232854 -0.0234564
0.000713767 0.000850197
0.0167919 0.0182243
-0.0205246 -0.0191324
-0.0409153 -0.0423957
-0.0098125 -0.00969329
0.00173504 0.00138072
0.0356562 0.0345764
0.0174665 0.0129821
-0.00611357 -0.00572125
0.00707067 0.00576132
0.0279442 0.0283313
-0.0235961 -0.0260538
0.00645852 0.00587816
0.0239242 0.0222287
-0.0296531 -0.0314424
0.031196 0.0304208
0.0189676 0.0170766
-0.0118937 -0.012979
-0.00188587 -0.00152355
0.0331236 0.0340858
0.0603255 0.0584061
-0.00158653 -0.00162822
0.00382868 0.00309145
-0.0124 -0.0114803
-0.060866 -0.0609804
-0.0108908 -0.0110846
-0.00396419 -0.00311039
0.0157426 0.0158939
0.0504982 0.0517746
-0.0124305 -0.0112584
-0.00557467 -0.00542987
-0.00941732 -0.00818737
0.0554392 0.0529642
-0.000924911 -0.00170086
-0.00408211 -0.00336895
-0.0164809 -0.0167284
-0.00124384 -0.00172493
0.031179 0.0310012
-0.0123324 -0.0123951
0.0354367 0.0356066
-0.0252838 -0.0256352
-0.00919525 -0.00948388
-0.0643736 -0.0637897
-0.00860505 -0.0104546
-0.0046677 -0.00550844
0.0124315 0.0112645
-0.0123861 -0.0140194
5.36315e-07 1.36885e-05
0.0174404 0.0186082
0.0332688 0.0360048
-0.00342549 -0.00398754
-0.00123013 -0.000941598
-0.0231659 -0.0237022
-0.0225241 -0.0217243
-0.00823538 -0.0084018
0.00622057 0.00290971
-0.0436033 -0.0426221
-0.0274001 -0.0273639
0.0279822 0.0271939
-0.000945813 -0.000865738
-0.00266365 -0.00473508
0.03816 0.0393893
-0.00571319 -0.0046502
0.0137041 0.0148323
-0.0441985 -0.0424787
0.0512544 0.0499724
-0.0106374 -0.0109948
-0.0332673 -0.0362807
0.00299593 0.00552881
-0.0811437 -0.0789002
-0.00100494 -0.00110232
0.01585 0.0160782
0.00274848 0.0039474
0.0186711 0.0188824
-0.00100494 -0.00110232
0.00274848 0.0039474
0.0186711 0.0188824
0.0409553 0.0408184
0.01585 0.0160782
0.0409553 0.0408184
0.00399138 0.00370493
0.121695 0.122166
-0.00268008 -0.00273635
0.0573781 0.0561737
-0.0497441 -0.0502088
-0.0329363 -0.0343965
-0.0496176 -0.0492181
-1.32177e-06 -4.27703e-05
0.0677846 0.0725709
0.0256139 0.0256266
-0.0743014 -0.0724947
-0.00765148 -0.00808878
-0.0342649 -0.0320455
0.00890278 0.00812872
0.0136936 0.0154826
0.0139117 0.0149415
0.0163372 0.0165356
0.0223223 0.0233378
-0.0237478 -0.0210618
0.00919171 0.0104243
-0.0246505 -0.0235258
-0.0463484 -0.0493711
0.0144177 0.0125064
0.00343523 0.000702365
0.0214794 0.0193245
-0.0180769 -0.0179686
0.0445251 0.0431156
0.0362164 0.0390182
0.00573405 0.00628534
-0.0319129 -0.031685
0.0218302 0.0207804
-0.0247565 -0.0256243
-0.00920821 -0.0112843
-0.0215074 -0.0199598
0.0249149 0.0234561
-0.0593962 -0.0587499
0.0728224 0.0735512
-0.00172871 -0.00160547
0.0461864 0.0479176
-0.0738441 -0.0747328
-0.00770952 -0.00640358
0.0010957 0.000277838
0.0326626 0.0331025
0.0139267 0.0125287
0.042546 0.0451934
-0.0191728 -0.019691
-0.0534327 -0.047862
-0.023575 -0.0242822
-0.0198501 -0.0201257
0.05018 0.0541243
-0.0232709 -0.0235241
-0.000495213 -0.000251757
0.0187515 0.0184059
0.00599412 0.00569639
-0.0361558 -0.0369374
-0.00227644 -0.00285561
-0.0195497 -0.0193874
0.0190911 0.0195998
-0.000992169 -0.00126304
-0.0259446 -0.0254974
-0.00433089 -0.00477422
-0.00351228 -0.0033193
0.00269537 0.0028877
0.00198232 0.0010392
0.0099764 0.0108148
0.0683762 0.070441
-0.00551017 -0.0050028
-0.000194876 -0.00021
-0.00364964 -0.0027508
0.019744 0.0175124
0.0296054 0.0309816
-0.0520318 -0.0502404
-0.000911701 -0.0028919
-0.00447062 -0.0043183
0.00606915 0.0075191
0.00217378 0.0021405
-0.00953678 -0.0045987
-0.030612 -0.0313125
-0.0478062 -0.0477872
-0.00798163 -0.0069876
-0.0044457 -0.0032464
-0.01641 -0.0161031
-0.0337652 -0.0338055
-0.0107538 -0.0068292
-0.0300742 -0.0342078
-0.00731444 -0.00714
0.0969593 0.0917299
-0.0038236 -0.0031246
-0.0113551 -0.0102844
-0.0049561 -0.0070915
0.0616343 0.0540053
-0.00202288 -0.0040566
0.0210428 0.024446
-0.000482988 -0.0004295
-0.0320601 -0.032418
-0.0151188 -0.014981
-0.000578755 -0.0009605
-0.00809686 -0.0074113
-0.0108821 -0.009825
-0.00378435 0.0001263
0.0142273 0.0106055
0.00815399 0.0083797
-0.0223326 -0.0186682
-0.0083769 -0.0091087
-0.0142906 -0.0146334
-0.00835099 -0.0070121
0.0413219 0.0402015
0.0244071 0.0264494
-0.00128639 -0.0024309
0.00497335 0.0040761
-0.0312592 -0.0270436
-0.0128069 -0.0126176
-0.0205162 -0.0199069
0.00712526 0.005944
-0.00253139 -0.0040386
-0.000757939 -0.0008084
0.016262 0.0139812
-0.00562311 -0.0052263
0.00272754 0.0022995
-0.00864051 -0.0087033
-0.027234 -0.0289405
0.00165389 0.0032818
-0.077273 -0.0741211
-0.059897 -0.0571755
-0.0297989 -0.0315099
-0.0205567 -0.0214864
0.0125538 0.0134356
-0.00545715 -0.0059634
0.112447 0.109743
-0.0338581 -0.0348159
-0.000573669 -0.0015816
0.0601045 0.0635699
0.0240404 0.0133777
0.0310214 0.0266981
-0.00676007 0.0008499
0.0448247 0.0419343
0.000308571 0.0015517
-0.0614684 -0.0609071
0.0966961 0.0986772
-0.00184297 -0.0062286
0.00372862 0.0038143
-0.0105859 -0.0092196
0.0331543 0.0259606
-0.0248146 -0.0236733
-0.000775003 -0.0009028
0.0822586 0.0843246
0.0472957 0.0479675
-0.00996043 -0.0086744
-0.0143796 -0.0155688
-0.00409896 -0.006063
-0.0214285 -0.0228168
0.0221658 0.0235648
0.0998389 0.0955323
0.0323161 0.0313167
0.0505108 0.0509116
0.0332978 0.0326914
0.0125845 0.0109533
0.00909854 0.0092837
-0.000628481 -0.0018211
0.00733897 0.0082675
0.00600527 0.00634842
0.00299351 0.00199184
-0.00130037 -0.00129987
-0.04579 -0.0453643
0.00235133 0.00245408
0.0637019 0.0599613
0.00432313 0.00629013
-0.0732386 -0.0706979
-0.039187 -0.0382937
-0.00445551 -0.00444776
-0.0159378 -0.0159153
-0.000267096 -0.000157105
-0.113089 -0.112627
0.0218219 0.0215653
0.000524209 0.000433026
-0.0205658 -0.0229588
0.0774484 0.0789978
0.0101294 0.00982487
0.0464627 0.0459828
-0.0508183 -0.0514566
-0.00949968 -0.00835539
0.0036316 0.00355092
-0.034954 -0.0341947
0.0490085 0.0485905
0.00200177 0.00203763
-0.0229748 -0.0231174
-0.068411 -0.0669271
0.0123691 0.0113341
0.0154923 0.015295
-0.00982811 -0.0101811
1.14224e-06 3.55263e-06
0.037092 0.036757
0.000256646 0.000134342
-0.00540534 -0.00464289
-0.00156766 -0.00111329
-0.0211061 -0.0211875
-0.0443123 -0.0462104
-0.00536327 -0.00657434
0.106007 0.106874
-0.0400897 -0.0403866
-0.00803941 -0.00819711
0.0429107 0.0391389
0.0451346 0.0457371
-0.00588564 -0.00583382
-0.0367721 -0.0371438
-0.00176045 -0.00104276
0.00104194 0.00154197
0.000545834 0.000615921
0.000287655 0.000301974
-0.0521885 -0.0506376
-0.0138421 -0.0140201
-0.0064174 -0.00594491
-0.00225686 -0.00283973
-0.0232083 -0.0217762
-0.0057335 -0.0058658
-0.0232763 -0.0238621
-0.0617755 -0.0620061
-0.0395071 -0.0399433
-0.0341689 -0.0340068
-0.00165228 -0.00144277
-0.0284333 -0.0277702
0.0078669 0.00819616
-0.153881 -0.15349
0.139936 0.140389
-0.0573875 -0.0572121
-0.0154524 -0.013716
0.00745596 0.00866375
-0.00386414 -0.00381991
0.00709218 0.0103512
-0.0138325 -0.0127446
-0.00626071 -0.00644946
-0.0221937 -0.0216747
-0.019853 -0.0214411
0.00841829 0.00889911
-0.0157286 -0.0152024
0.000882746 0.00103393
-0.0447876 -0.0459401
-0.0206099 -0.0192938
0.000996875 0.00260625
-0.0116229 -0.0129742
-0.00684363 -0.00651937
0.00821676 0.00773732
-0.00466492 -0.00480571
0.00398237 0.00260571
0.00243726 0.00237357
0.00797805 0.00864321
0.00198289 0.00167464
0.00803373 0.00799536
-0.0440667 -0.0448918
-8.15865e-05 -2.41216e-05
-0.00946265 -0.0110451
-3.10244e-06 -1.93243e-05
-0.0135806 -0.0138844
0.0757459 0.0779496
-0.00294563 -0.00566669
-0.0178253 -0.0190615
-3.4878e-06 -2.02027e-05
0.0536247 0.0550347
0.00525685 0.00553737
-0.024313 -0.0262391
-0.00914942 -0.00928081
-0.0619359 -0.0627547
-0.00404395 -0.00443784
-0.0114801 -0.0109407
0.0173893 0.0175659
-0.00101267 -0.00114486
-0.00239633 -0.00292507
0.0166063 0.0176586
0.011985 0.0133022
5.84266e-08 1.6e-06
3.6104e-08 1.6e-06
-2.70433e-07 -1.2e-06
-3.15471e-07 -1.5e-06
7.58382e-08 1.3e-06
8.12963e-06 8.93443e-06
-0.0338228 -0.0340438
-0.0328931 -0.0349891
0.0012444 0.000558525
0.00358266 0.00367279
0.0430224 0.044346
0.00725905 0.00747241
-0.00508558 -0.00598656
-0.0158568 -0.0170794
-0.0129301 -0.0129453
-0.00134469 -0.00113036
-0.0108372 -0.0112396
-0.0431413 -0.0423246
0.00367001 0.00320415
-0.00585929 -0.00673808
-0.0201201 -0.0218778
0.0428782 0.0430655
-0.0350806 -0.0348059
-0.0108648 -0.011178
0.0101144 0.0104397
-0.0135901 -0.0138301
0.00507336 0.00594379
0.00168195 0.00157071
0.0021243 0.00208187
0.0227155 0.0229074
0.00188911 0.00112594
-0.00127618 -4.19643e-06
0.00519155 0.00412241
-0.0323475 -0.03338
0.00485367 0.00367795
-0.00356781 -0.00340027
0.0288541 0.0290183
0.0446603 0.0452003
-0.0140515 -0.0142524
-0.00464666 -0.00529929
-0.058553 -0.0575057
-0.0030543 -0.00309375
-0.00821881 -0.00651741
-0.00312806 -0.00304598
0.00524891 0.00655955
0.0338578 0.0327738
-0.000461471 -0.000338393
0.0237881 0.0206058
-0.00826034 -0.0100113
0.0343117 0.0334163
-0.000430567 -0.000707411
0.00209122 0.00188661
0.0254824 0.0250532
-0.0282241 -0.0319065
-0.00322231 -0.00183607
-0.0133106 -0.0129835
0.0399562 0.0399406
-0.020929 -0.0214819
0.0228519 0.0217837
0.0428732 0.0452212
-0.0140846 -0.0145903
0.0241974 0.0251888
-0.0623124 -0.0632646
-0.00479354 -0.0081817
-0.028653 -0.0298974
0.0373908 0.0386031
-0.0191657 -0.0185662
0.00395012 0.00413125
0.0296927 0.0280788
-0.00274208 -0.00450571
-0.0371606 -0.0371923
0.00672444 0.00389714
0.0039586 0.00393616
-0.0150229 -0.0173563
0.0407562 0.038323
0.00414379 0.00524125
-0.00467965 -0.0052592
0.0168346 0.0153779
-0.0472516 -0.0458345
0.036545 0.0360735
-0.00430909 -0.00512054
0.0202183 0.0201743
0.00422126 0.00489446
0.0285836 0.0285387
0.00540268 0.00514795
0.0326989 0.0299463
-0.0143279 -0.0143413
-0.00597875 -0.00656598
0.0548284 0.0542096
-0.00251217 -0.00317145
-0.0348421 -0.0338799
-0.000103083 -0.000184605
-0.02165 -0.0210103
-0.0387862 -0.0385163
0.0211 0.0196776
-0.0264689 -0.0261747
2.13408e-07 -1.65789e-05
-0.100017 -0.0980951
-0.00626525 -0.00580263
-0.0112817 -0.0127471
-0.00895899 -0.00836487
-0.0270932 -0.0280216
-0.0340003 -0.032257
0.0919702 0.0903011
-0.0650654 -0.0647012
0.0321611 0.0325942
-0.00782771 -0.00689224
-0.029442 -0.0325417
0.013538 0.0138374
-0.0459829 -0.0478854
-0.0123803 -0.0119155
0.0449229 0.0461018
0.0369702 0.036683
0.0213208 0.021292
-0.00924821 -0.00817895
0.00608693 0.00847566
0.0108203 0.0129103
-0.000796898 -0.000888289
-0.00802288 -0.00897132
-0.0331828 -0.0340809
-0.0187392 -0.0208567
0.0368316 0.0397207
-0.00203618 -0.00240408
-0.0498861 -0.0489457
0.0280997 0.0307501
0.0317072 0.0308654
-0.000592878 -0.000242632
-0.0594302 -0.0579888
-0.025501 -0.0286605
0.0103299 0.00875592
-0.0394449 -0.0391284
-0.0328856 -0.0328786
0.01342 0.0128792
0.0061838 0.00292368
8.43657e-05 0.000442895
0.0136142 0.0157403
-0.0111498 -0.0100209
-0.0659124 -0.0670196
0.0262906 0.0289297
-0.00654462 -0.00665743
0.0609686 0.0608301
0.00259328 0.00239507
-0.0380002 -0.0381191
-0.000646845 0.000759474
-0.00280849 -0.00253059
-0.0184986 -0.0185768
0.000697186 0.000849605
0.0167051 0.0190792
-0.00156239 -0.00155678
-0.00482212 -0.00582914
-0.00310572 -0.00287026
-0.0139708 -0.0131617
0.00341309 0.00348382
-0.0588115 -0.0594883
-0.00548135 -0.00674625
0.0226651 0.0219372
-0.00513416 -0.0030398
-0.0141955 -0.0150558
0.0343213 0.0350424
8.83182e-05 0.000279211
0.012815 0.0110896
0.00228635 0.00264487
-0.00648686 -0.00406296
0.0632082 0.0649173
-0.0299849 -0.0299984
0.0319051 0.0318226
-0.0192828 -0.0178938
0.00365148 0.00317125
0.0119825 0.011699
-0.0131608 -0.0119607
0.011616 0.00875474
-0.0120036 -0.0123384
0.00737328 0.00819513
-0.00627534 -0.00456816
-0.0345395 -0.0347149
0.0243728 0.0257173
-0.000758 -0.00079375
0.00765157 0.00788855
0.0203877 0.0209713
-0.0182994 -0.0188657
-0.00448038 -0.00542829
0.000471804 0.0009125
0.00753079 0.00779599
0.0774458 0.0782042
0.00405521 0.004745
-0.0607347 -0.060365
-0.00500994 -0.00407533
-0.0160678 -0.0163219
-0.0151211 -0.0153434
-0.0078695 -0.00914184
-0.0369838 -0.0385344
-0.00311602 -0.00189258
-0.0266208 -0.0280355
1.11795e-05 -1.55738e-06
-0.03824 -0.0411063
-0.0235488 -0.0209689
-0.0145851 -0.0142045
0.0158098 0.0164361
-0.00080074 -0.000444754
0.0041601 0.00330086
0.00589653 0.00664209
0.0114488 0.0122731
-0.0220674 -0.0236191
-0.0242322 -0.0240283
-0.00475694 -0.00297545
-0.00118374 -0.00121766
0.04359 0.0422144
0.0550736 0.0553038
-0.0391556 -0.0379078
-0.045939 -0.0456218
-0.00953937 -0.00820607
-0.0570365 -0.0588545
-0.00702221 -0.00802893
-0.00654379 -0.00586357
-0.0459763 -0.0475157
-0.0080916 -0.00900828
-0.000358185 -0.000234508
0.0032054 0.00561896
0.00420378 0.00319877
-0.00525405 -0.00551365
-0.000358185 -0.000234508
0.00420378 0.00319877
-0.00525405 -0.00551365
-0.0235836 -0.0247909
0.0032054 0.00561896
-0.0235836 -0.0247909
-0.00468919 -0.00481216
-0.115668 -0.112576
-0.00103098 -0.000994392
-0.0158954 -0.0177911
-0.018612 -0.0192675
0.00353794 0.00517493
-0.00248552 -0.00178257
8.32347e-06 5.56081e-05
0.083598 0.085572
0.0229396 0.0228345
0.0220058 0.0242714
-0.0034586 -0.00301932
-0.0201492 -0.0190757
-0.00594274 -0.00496676
-0.0529454 -0.0525505
0.00558267 0.00363216
-0.0324872 -0.0321128
0.00980495 0.0101093
-0.0426247 -0.0402168
0.0158624 0.0151817
-0.0678894 -0.069498
-0.0503844 -0.0525503
-0.0108403 -0.00943635
-0.12506 -0.12505
0.0873478 0.0885369
0.0297053 0.0299792
0.0206874 0.0244841
-0.0633238 -0.0605974
0.000373593 4.13514e-05
0.042432 0.0443244
0.0703128 0.0715705
0.0135419 0.0127526
0.0295484 0.0244124
0.00146435 0.00121595
0.00827355 0.00690419
0.035761 0.0360952
-0.0411222 -0.0383924
-0.00465172 -0.00431885
-0.00902665 -0.0100199
0.0493694 0.0469589
-0.0170294 -0.0150801
0.0225309 0.0238264
0.0276105 0.0285165
0.00553712 0.00569689
0.0843215 0.0863715
0.00582209 0.00716932
-0.0840588 -0.0869668
-0.037846 -0.0384251
-0.0141073 -0.0128901
0.000944357 -0.000531824
0.0212093 0.0227224
-0.000212297 -0.000146182
-0.0216841 -0.0215777
-0.00122677 -0.000756486
-0.0107146 -0.0101675
-0.0117591 -0.0130895
0.0360165 0.0361916
0.0385392 0.0390993
0.00147231 0.00158679
-0.0249937 -0.025823
-0.00088635 0.000167196
-0.00506695 -0.004725
0.000845029 0.000679
-0.00436336 -0.0049871
0.0118891 0.0114906
0.0446963 0.0468568
-0.00470842 -0.0051444
4.16946e-05 3.3e-06
0.00651871 0.0082816
0.0440832 0.055563
0.0498652 0.0486905
0.0259639 0.0301669
0.00476034 0.0065452
0.0135103 0.0137943
0.00185057 0.0041095
0.00218047 0.0021433
0.0228339 0.0265018
-0.0788268 -0.0776746
0.013956 0.0118451
0.0717054 0.0730499
0.0280794 0.0269104
0.00459736 0.0057774
0.0636152 0.0638075
0.0531867 0.0539861
-0.00574159 -0.0045324
-0.00358176 -0.0038685
0.0535809 0.0531283
0.0165839 0.0166126
-0.0110824 -0.0113601
-0.00108741 -0.0005583
0.106462 0.107112
0.0210319 0.0201951
0.0382399 0.0394139
7.65994e-06 2.81e-05
0.0384914 0.0382714
-0.0587124 -0.0582991
-0.0051113 -0.0047118
-0.0162199 -0.0153496
0.0203233 0.021272
-0.0246025 -0.0235999
-0.0527322 -0.0560522
0.024541 0.0254882
-0.0211123 -0.0198334
0.00149113 0.0007686
0.019156 0.0190142
-0.0345618 -0.0332314
-0.0247534 -0.0232736
0.0528338 0.0541074
0.0332371 0.0322832
0.020645 0.0231348
-0.00156404 -0.0090575
0.0523172 0.0518409
0.00724427 0.0070404
0.00209821 0.0018998
0.0108038 0.0102769
8.04459e-05 3.28e-05
-0.00217831 -0.0025106
0.000465724 -0.000841
0.0022882 0.0019611
0.0161413 0.0184258
0.038562 0.0360898
0.017545 0.01899
-0.00774909 -0.0078055
0.02522 0.0262556
-0.00597742 -0.0008873
0.0182802 0.0197581
-0.0143134 -0.0143528
0.00787582 0.0075267
0.0714113 0.0704251
-0.0553761 -0.0534944
0.00279487 0.0027597
-0.032768 -0.026141
0.0283502 0.0293084
0.00548695 0.0030765
-0.0189939 -0.0117547
-0.0464993 -0.0433306
-0.000936544 -0.0019447
0.0167505 0.0167116
0.0748909 0.0779418
-0.0106841 -0.0107123
0.0207047 0.0182378
-0.0655805 -0.06595
0.00613885 -0.0001503
0.0112417 0.0143167
0.000244709 0.0003055
0.0035866 0.0091495
-0.0753984 -0.0782434
0.000854512 -0.0009692
-0.0117787 -0.013521
-0.0324845 -0.0353909
-0.0313168 -0.0294702
-0.00997491 -0.014476
0.00548152 -4.91e-05
-0.000464145 0.0001295
-0.0307212 -0.0323135
-0.0213892 -0.0227129
-0.0158443 -0.0165702
0.000272479 -0.0004864
0.00124421 0.000119
-0.00884959 -0.0095604
0.000748494 0.000629211
0.00484184 0.0086575
-0.0196311 -0.0172772
0.0277281 0.0260567
-0.00034244 -0.000282368
-0.134948 -0.13094
0.0565342 0.056363
-0.00443435 -0.00591763
0.0174981 0.0166891
-0.011032 -0.0110763
-0.000326647 -0.000385395
-0.000747437 -0.000905921
0.0449133 0.0444959
0.0156867 0.0173601
0.00680424 0.00668395
0.00296335 0.00383961
0.0562547 0.0570684
0.0307834 0.0309266
-0.0340061 -0.0333989
-0.0639526 -0.0663603
-0.0285523 -0.0305145
-0.000998057 -0.000785526
0.0212853 0.0220699
0.0202155 0.0201417
-0.000456526 -0.000574605
-0.0640576 -0.0636705
0.00689741 0.00613408
0.0154875 0.0151211
-0.0314796 -0.0311675
-0.0248607 -0.0240814
6.62754e-06 6.39474e-05
0.00796771 0.00978171
0.0366249 0.0369782
-0.0638401 -0.062641
-0.00779548 -0.00778934
0.0341691 0.0356871
-0.0435361 -0.04797
0.0137499 0.0134388
-0.116858 -0.116239
-0.0224968 -0.0223826
-0.0143125 -0.0140108
0.00258537 0.002055
0.0180779 0.0173489
0.00159227 0.00185987
-0.00403927 -0.00457618
-0.0242096 -0.0242917
-0.00793303 -0.0138747
-0.000692471 -0.000524605
0.0109044 0.0108753
0.00990175 0.00542776
-0.000756585 -0.000669286
-0.00408798 -0.00422116
-0.0026509 -0.00131473
0.0611667 0.0614239
0.0034871 0.00393054
0.0105382 0.0106784
-0.0570251 -0.0567779
0.00642351 0.00545821
0.0171614 0.0167871
-0.0052042 -0.00515071
0.00291166 0.00335982
-7.73923e-05 -3.16071e-05
0.00568747 0.00402545
-0.0387525 -0.0369204
-0.0394671 -0.0380564
0.0713041 0.0712765
-0.110711 -0.113844
-0.00530111 -0.00533723
0.112721 0.115318
-0.0539761 -0.0528881
-0.00135323 -0.00213482
-0.0125469 -0.0125985
-0.0246971 -0.0256984
0.000220175 -0.00153018
-0.0279693 -0.0273364
-0.00234468 -0.00246893
-0.0195299 -0.0140558
0.00818482 0.00783562
0.00985281 0.00894205
-0.0347923 -0.0337388
0.0451962 0.0450165
0.00532054 0.00584286
0.000642227 -0.000391786
0.000957415 0.000450714
-0.00969816 -0.00900348
-0.0104216 -0.0107853
-0.00257211 -0.00272348
-0.00350128 -0.00344232
0.00916338 0.00990169
-1.27361e-05 -5.41216e-05
0.0846743 0.086853
0.000439616 0.000380338
-0.0146376 -0.0152088
-0.0394888 -0.0385849
0.0495597 0.0517676
-0.00165808 -0.00246351
-1.7165e-08 3.87162e-05
-0.0154638 -0.015383
0.0313018 0.0321734
0.0158793 0.017563
0.0168277 0.0173428
-0.118479 -0.122952
0.0461889 0.0455667
-0.00148433 -0.00160642
-0.0229408 -0.0234497
0.00452425 0.00476885
0.00389487 0.00467689
0.004599 0.00467027
-0.0722528 -0.0742353
-3.87799e-05 -2.04e-05
-3.26957e-05 -1.35e-05
-1.69721e-05 -1.41e-05
-1.85056e-05 -2.49e-05
-3.73722e-05 -7.2e-06
